2023-09-20 12:16:12,429 INFO  main  - Thread pool 'sofa-boot-health-check' started with period: 5000 MILLISECONDS
2023-09-20 12:16:12,430 INFO  main  - Thread pool with name 'sofa-boot-health-check' registered
2023-09-20 12:16:17,425 INFO  SOFA-Thread-Pool-Monitor-2-thread-1 - Thread pool 'sofa-boot-health-check' info: [0,0,1,1,0]
2023-09-20 12:16:17,427 INFO  SOFA-Thread-Pool-Monitor-2-thread-1 - Thread pool 'sofa-boot-health-check' average static info: [0,0]
2023-09-20 12:16:22,424 INFO  SOFA-Thread-Pool-Monitor-2-thread-1 - Thread pool 'sofa-boot-health-check' info: [0,0,1,1,0]
2023-09-20 12:16:27,424 INFO  SOFA-Thread-Pool-Monitor-2-thread-2 - Thread pool 'sofa-boot-health-check' info: [0,0,1,1,0]
2023-09-20 12:16:48,175 INFO  main  - Thread pool 'sofa-boot-health-check' started with period: 5000 MILLISECONDS
2023-09-20 12:16:48,176 INFO  main  - Thread pool with name 'sofa-boot-health-check' registered
2023-09-20 12:16:53,172 INFO  SOFA-Thread-Pool-Monitor-2-thread-1 - Thread pool 'sofa-boot-health-check' info: [0,0,1,1,0]
2023-09-20 12:16:53,174 INFO  SOFA-Thread-Pool-Monitor-2-thread-1 - Thread pool 'sofa-boot-health-check' average static info: [0,0]
2023-09-20 12:16:58,171 INFO  SOFA-Thread-Pool-Monitor-2-thread-1 - Thread pool 'sofa-boot-health-check' info: [0,0,1,1,0]
2023-09-20 12:17:03,167 INFO  SOFA-Thread-Pool-Monitor-2-thread-2 - Thread pool 'sofa-boot-health-check' info: [0,0,1,1,0]
2023-09-20 12:17:08,170 INFO  SOFA-Thread-Pool-Monitor-2-thread-1 - Thread pool 'sofa-boot-health-check' info: [0,0,1,1,0]
2023-09-20 12:17:13,168 INFO  SOFA-Thread-Pool-Monitor-2-thread-3 - Thread pool 'sofa-boot-health-check' info: [0,0,1,1,0]
2023-09-20 12:17:18,172 INFO  SOFA-Thread-Pool-Monitor-2-thread-2 - Thread pool 'sofa-boot-health-check' info: [0,0,1,1,0]
2023-09-20 12:17:23,168 INFO  SOFA-Thread-Pool-Monitor-2-thread-4 - Thread pool 'sofa-boot-health-check' info: [0,0,1,1,0]
2023-09-20 12:17:28,167 INFO  SOFA-Thread-Pool-Monitor-2-thread-1 - Thread pool 'sofa-boot-health-check' info: [0,0,1,1,0]
2023-09-20 12:17:33,167 INFO  SOFA-Thread-Pool-Monitor-2-thread-5 - Thread pool 'sofa-boot-health-check' info: [0,0,1,1,0]
2023-09-20 12:17:38,170 INFO  SOFA-Thread-Pool-Monitor-2-thread-5 - Thread pool 'sofa-boot-health-check' info: [0,0,1,1,0]
2023-09-20 12:17:43,170 INFO  SOFA-Thread-Pool-Monitor-2-thread-5 - Thread pool 'sofa-boot-health-check' info: [0,0,1,1,0]
2023-09-20 12:17:48,171 INFO  SOFA-Thread-Pool-Monitor-2-thread-5 - Thread pool 'sofa-boot-health-check' info: [0,0,1,1,0]
2023-09-20 12:17:53,167 INFO  SOFA-Thread-Pool-Monitor-2-thread-5 - Thread pool 'sofa-boot-health-check' info: [0,0,1,1,0]
2023-09-20 12:17:58,167 INFO  SOFA-Thread-Pool-Monitor-2-thread-5 - Thread pool 'sofa-boot-health-check' info: [0,0,1,1,0]
2023-09-20 12:18:03,171 INFO  SOFA-Thread-Pool-Monitor-2-thread-5 - Thread pool 'sofa-boot-health-check' info: [0,0,1,1,0]
2023-09-20 12:18:08,171 INFO  SOFA-Thread-Pool-Monitor-2-thread-5 - Thread pool 'sofa-boot-health-check' info: [0,0,1,1,0]
2023-09-20 12:18:13,172 INFO  SOFA-Thread-Pool-Monitor-2-thread-5 - Thread pool 'sofa-boot-health-check' info: [0,0,1,1,0]
2023-09-20 12:18:18,172 INFO  SOFA-Thread-Pool-Monitor-2-thread-5 - Thread pool 'sofa-boot-health-check' info: [0,0,1,1,0]
2023-09-20 12:18:23,170 INFO  SOFA-Thread-Pool-Monitor-2-thread-5 - Thread pool 'sofa-boot-health-check' info: [0,0,1,1,0]
2023-09-20 12:18:28,172 INFO  SOFA-Thread-Pool-Monitor-2-thread-5 - Thread pool 'sofa-boot-health-check' info: [0,0,1,1,0]
2023-09-20 12:18:33,169 INFO  SOFA-Thread-Pool-Monitor-2-thread-5 - Thread pool 'sofa-boot-health-check' info: [0,0,1,1,0]
2023-09-20 12:18:38,169 INFO  SOFA-Thread-Pool-Monitor-2-thread-4 - Thread pool 'sofa-boot-health-check' info: [0,0,1,1,0]
2023-09-20 12:18:43,171 INFO  SOFA-Thread-Pool-Monitor-2-thread-4 - Thread pool 'sofa-boot-health-check' info: [0,0,1,1,0]
2023-09-20 12:18:48,174 INFO  SOFA-Thread-Pool-Monitor-2-thread-4 - Thread pool 'sofa-boot-health-check' info: [0,0,1,1,0]
2023-09-20 12:18:53,172 INFO  SOFA-Thread-Pool-Monitor-2-thread-4 - Thread pool 'sofa-boot-health-check' info: [0,0,1,1,0]
2023-09-20 12:18:58,172 INFO  SOFA-Thread-Pool-Monitor-2-thread-4 - Thread pool 'sofa-boot-health-check' info: [0,0,1,1,0]
2023-09-20 12:19:03,168 INFO  SOFA-Thread-Pool-Monitor-2-thread-4 - Thread pool 'sofa-boot-health-check' info: [0,0,1,1,0]
2023-09-20 12:19:08,168 INFO  SOFA-Thread-Pool-Monitor-2-thread-4 - Thread pool 'sofa-boot-health-check' info: [0,0,1,1,0]
2023-09-20 12:19:13,167 INFO  SOFA-Thread-Pool-Monitor-2-thread-4 - Thread pool 'sofa-boot-health-check' info: [0,0,1,1,0]
2023-09-20 12:19:18,168 INFO  SOFA-Thread-Pool-Monitor-2-thread-4 - Thread pool 'sofa-boot-health-check' info: [0,0,1,1,0]
2023-09-20 12:19:23,171 INFO  SOFA-Thread-Pool-Monitor-2-thread-4 - Thread pool 'sofa-boot-health-check' info: [0,0,1,1,0]
2023-09-20 12:19:28,169 INFO  SOFA-Thread-Pool-Monitor-2-thread-4 - Thread pool 'sofa-boot-health-check' info: [0,0,1,1,0]
2023-09-20 12:19:33,172 INFO  SOFA-Thread-Pool-Monitor-2-thread-4 - Thread pool 'sofa-boot-health-check' info: [0,0,1,1,0]
2023-09-20 12:19:38,172 INFO  SOFA-Thread-Pool-Monitor-2-thread-4 - Thread pool 'sofa-boot-health-check' info: [0,0,1,1,0]
2023-09-20 12:19:43,172 INFO  SOFA-Thread-Pool-Monitor-2-thread-6 - Thread pool 'sofa-boot-health-check' info: [0,0,1,1,0]
2023-09-20 12:19:48,172 INFO  SOFA-Thread-Pool-Monitor-2-thread-6 - Thread pool 'sofa-boot-health-check' info: [0,0,1,1,0]
2023-09-20 12:19:53,169 INFO  SOFA-Thread-Pool-Monitor-2-thread-6 - Thread pool 'sofa-boot-health-check' info: [0,0,1,1,0]
2023-09-20 12:19:58,170 INFO  SOFA-Thread-Pool-Monitor-2-thread-6 - Thread pool 'sofa-boot-health-check' info: [0,0,1,1,0]
2023-09-20 12:20:03,168 INFO  SOFA-Thread-Pool-Monitor-2-thread-6 - Thread pool 'sofa-boot-health-check' info: [0,0,1,1,0]
2023-09-20 12:20:08,172 INFO  SOFA-Thread-Pool-Monitor-2-thread-6 - Thread pool 'sofa-boot-health-check' info: [0,0,1,1,0]
2023-09-20 12:20:13,173 INFO  SOFA-Thread-Pool-Monitor-2-thread-6 - Thread pool 'sofa-boot-health-check' info: [0,0,1,1,0]
2023-09-20 12:20:18,169 INFO  SOFA-Thread-Pool-Monitor-2-thread-6 - Thread pool 'sofa-boot-health-check' info: [0,0,1,1,0]
2023-09-20 12:20:23,169 INFO  SOFA-Thread-Pool-Monitor-2-thread-6 - Thread pool 'sofa-boot-health-check' info: [0,0,1,1,0]
2023-09-20 12:20:28,171 INFO  SOFA-Thread-Pool-Monitor-2-thread-6 - Thread pool 'sofa-boot-health-check' info: [0,0,1,1,0]
2023-09-20 12:20:33,174 INFO  SOFA-Thread-Pool-Monitor-2-thread-6 - Thread pool 'sofa-boot-health-check' info: [0,0,1,1,0]
2023-09-20 12:20:38,173 INFO  SOFA-Thread-Pool-Monitor-2-thread-6 - Thread pool 'sofa-boot-health-check' info: [0,0,1,1,0]
2023-09-20 12:20:43,169 INFO  SOFA-Thread-Pool-Monitor-2-thread-6 - Thread pool 'sofa-boot-health-check' info: [0,0,1,1,0]
2023-09-20 12:20:59,552 INFO  main  - Thread pool 'sofa-boot-health-check' started with period: 5000 MILLISECONDS
2023-09-20 12:20:59,554 INFO  main  - Thread pool with name 'sofa-boot-health-check' registered
2023-09-20 12:21:04,552 INFO  SOFA-Thread-Pool-Monitor-2-thread-1 - Thread pool 'sofa-boot-health-check' info: [0,0,1,1,0]
2023-09-20 12:21:04,559 INFO  SOFA-Thread-Pool-Monitor-2-thread-1 - Thread pool 'sofa-boot-health-check' average static info: [0,0]
2023-09-20 12:21:09,549 INFO  SOFA-Thread-Pool-Monitor-2-thread-1 - Thread pool 'sofa-boot-health-check' info: [0,0,1,1,0]
2023-09-20 12:21:20,032 INFO  main  - Thread pool 'sofa-boot-health-check' started with period: 5000 MILLISECONDS
2023-09-20 12:21:20,033 INFO  main  - Thread pool with name 'sofa-boot-health-check' registered
2023-09-20 12:21:25,002 INFO  SOFA-Thread-Pool-Monitor-2-thread-1 - Thread pool 'sofa-boot-health-check' info: [0,0,1,1,0]
2023-09-20 12:21:25,003 INFO  SOFA-Thread-Pool-Monitor-2-thread-1 - Thread pool 'sofa-boot-health-check' average static info: [0,0]
2023-09-20 12:21:29,997 INFO  SOFA-Thread-Pool-Monitor-2-thread-1 - Thread pool 'sofa-boot-health-check' info: [0,0,1,1,0]
2023-09-20 12:21:35,000 INFO  SOFA-Thread-Pool-Monitor-2-thread-2 - Thread pool 'sofa-boot-health-check' info: [0,0,1,1,0]
2023-09-20 12:21:39,999 INFO  SOFA-Thread-Pool-Monitor-2-thread-1 - Thread pool 'sofa-boot-health-check' info: [0,0,1,1,0]
2023-09-20 12:21:44,999 INFO  SOFA-Thread-Pool-Monitor-2-thread-3 - Thread pool 'sofa-boot-health-check' info: [0,0,1,1,0]
2023-09-20 12:21:49,999 INFO  SOFA-Thread-Pool-Monitor-2-thread-2 - Thread pool 'sofa-boot-health-check' info: [0,0,1,1,0]
2023-09-20 12:21:54,997 INFO  SOFA-Thread-Pool-Monitor-2-thread-4 - Thread pool 'sofa-boot-health-check' info: [0,0,1,1,0]
2023-09-20 12:21:59,998 INFO  SOFA-Thread-Pool-Monitor-2-thread-1 - Thread pool 'sofa-boot-health-check' info: [0,0,1,1,0]
2023-09-20 12:22:05,002 INFO  SOFA-Thread-Pool-Monitor-2-thread-5 - Thread pool 'sofa-boot-health-check' info: [0,0,1,1,0]
2023-09-20 12:22:09,997 INFO  SOFA-Thread-Pool-Monitor-2-thread-5 - Thread pool 'sofa-boot-health-check' info: [0,0,1,1,0]
2023-09-20 12:22:14,999 INFO  SOFA-Thread-Pool-Monitor-2-thread-5 - Thread pool 'sofa-boot-health-check' info: [0,0,1,1,0]
2023-09-20 12:22:19,998 INFO  SOFA-Thread-Pool-Monitor-2-thread-5 - Thread pool 'sofa-boot-health-check' info: [0,0,1,1,0]
2023-09-20 12:22:25,001 INFO  SOFA-Thread-Pool-Monitor-2-thread-5 - Thread pool 'sofa-boot-health-check' info: [0,0,1,1,0]
2023-09-20 12:22:30,000 INFO  SOFA-Thread-Pool-Monitor-2-thread-4 - Thread pool 'sofa-boot-health-check' info: [0,0,1,1,0]
2023-09-20 12:22:34,998 INFO  SOFA-Thread-Pool-Monitor-2-thread-4 - Thread pool 'sofa-boot-health-check' info: [0,0,1,1,0]
2023-09-20 12:22:40,001 INFO  SOFA-Thread-Pool-Monitor-2-thread-1 - Thread pool 'sofa-boot-health-check' info: [0,0,1,1,0]
2023-09-20 12:22:44,998 INFO  SOFA-Thread-Pool-Monitor-2-thread-1 - Thread pool 'sofa-boot-health-check' info: [0,0,1,1,0]
2023-09-20 12:22:50,001 INFO  SOFA-Thread-Pool-Monitor-2-thread-1 - Thread pool 'sofa-boot-health-check' info: [0,0,1,1,0]
2023-09-20 12:22:54,999 INFO  SOFA-Thread-Pool-Monitor-2-thread-1 - Thread pool 'sofa-boot-health-check' info: [0,0,1,1,0]
2023-09-20 12:22:59,996 INFO  SOFA-Thread-Pool-Monitor-2-thread-1 - Thread pool 'sofa-boot-health-check' info: [0,0,1,1,0]
2023-09-20 12:23:04,999 INFO  SOFA-Thread-Pool-Monitor-2-thread-1 - Thread pool 'sofa-boot-health-check' info: [0,0,1,1,0]
2023-09-20 12:23:10,000 INFO  SOFA-Thread-Pool-Monitor-2-thread-1 - Thread pool 'sofa-boot-health-check' info: [0,0,1,1,0]
2023-09-20 12:23:15,003 INFO  SOFA-Thread-Pool-Monitor-2-thread-1 - Thread pool 'sofa-boot-health-check' info: [0,0,1,1,0]
2023-09-20 12:23:20,000 INFO  SOFA-Thread-Pool-Monitor-2-thread-1 - Thread pool 'sofa-boot-health-check' info: [0,0,1,1,0]
2023-09-20 12:23:25,001 INFO  SOFA-Thread-Pool-Monitor-2-thread-1 - Thread pool 'sofa-boot-health-check' info: [0,0,1,1,0]
2023-09-20 12:23:30,002 INFO  SOFA-Thread-Pool-Monitor-2-thread-1 - Thread pool 'sofa-boot-health-check' info: [0,0,1,1,0]
2023-09-20 12:23:34,999 INFO  SOFA-Thread-Pool-Monitor-2-thread-6 - Thread pool 'sofa-boot-health-check' info: [0,0,1,1,0]
2023-09-20 12:23:39,997 INFO  SOFA-Thread-Pool-Monitor-2-thread-6 - Thread pool 'sofa-boot-health-check' info: [0,0,1,1,0]
2023-09-20 12:23:45,001 INFO  SOFA-Thread-Pool-Monitor-2-thread-6 - Thread pool 'sofa-boot-health-check' info: [0,0,1,1,0]
2023-09-20 12:23:49,999 INFO  SOFA-Thread-Pool-Monitor-2-thread-6 - Thread pool 'sofa-boot-health-check' info: [0,0,1,1,0]
2023-09-20 12:23:55,000 INFO  SOFA-Thread-Pool-Monitor-2-thread-6 - Thread pool 'sofa-boot-health-check' info: [0,0,1,1,0]
2023-09-20 12:23:59,999 INFO  SOFA-Thread-Pool-Monitor-2-thread-6 - Thread pool 'sofa-boot-health-check' info: [0,0,1,1,0]
2023-09-20 12:24:05,000 INFO  SOFA-Thread-Pool-Monitor-2-thread-6 - Thread pool 'sofa-boot-health-check' info: [0,0,1,1,0]
2023-09-20 12:24:10,002 INFO  SOFA-Thread-Pool-Monitor-2-thread-3 - Thread pool 'sofa-boot-health-check' info: [0,0,1,1,0]
2023-09-20 12:24:15,002 INFO  SOFA-Thread-Pool-Monitor-2-thread-3 - Thread pool 'sofa-boot-health-check' info: [0,0,1,1,0]
2023-09-20 12:24:19,997 INFO  SOFA-Thread-Pool-Monitor-2-thread-3 - Thread pool 'sofa-boot-health-check' info: [0,0,1,1,0]
2023-09-20 12:24:24,997 INFO  SOFA-Thread-Pool-Monitor-2-thread-3 - Thread pool 'sofa-boot-health-check' info: [0,0,1,1,0]
2023-09-20 12:24:30,000 INFO  SOFA-Thread-Pool-Monitor-2-thread-3 - Thread pool 'sofa-boot-health-check' info: [0,0,1,1,0]
2023-09-20 12:24:35,000 INFO  SOFA-Thread-Pool-Monitor-2-thread-3 - Thread pool 'sofa-boot-health-check' info: [0,0,1,1,0]
2023-09-20 12:24:40,001 INFO  SOFA-Thread-Pool-Monitor-2-thread-3 - Thread pool 'sofa-boot-health-check' info: [0,0,1,1,0]
2023-09-20 12:24:45,002 INFO  SOFA-Thread-Pool-Monitor-2-thread-3 - Thread pool 'sofa-boot-health-check' info: [0,0,1,1,0]
2023-09-20 12:24:50,003 INFO  SOFA-Thread-Pool-Monitor-2-thread-6 - Thread pool 'sofa-boot-health-check' info: [0,0,1,1,0]
2023-09-20 12:24:55,000 INFO  SOFA-Thread-Pool-Monitor-2-thread-6 - Thread pool 'sofa-boot-health-check' info: [0,0,1,1,0]
2023-09-20 12:24:59,999 INFO  SOFA-Thread-Pool-Monitor-2-thread-6 - Thread pool 'sofa-boot-health-check' info: [0,0,1,1,0]
2023-09-20 12:25:04,999 INFO  SOFA-Thread-Pool-Monitor-2-thread-6 - Thread pool 'sofa-boot-health-check' info: [0,0,1,1,0]
2023-09-20 12:25:10,002 INFO  SOFA-Thread-Pool-Monitor-2-thread-6 - Thread pool 'sofa-boot-health-check' info: [0,0,1,1,0]
2023-09-20 12:25:15,000 INFO  SOFA-Thread-Pool-Monitor-2-thread-6 - Thread pool 'sofa-boot-health-check' info: [0,0,1,1,0]
2023-09-20 12:25:20,001 INFO  SOFA-Thread-Pool-Monitor-2-thread-6 - Thread pool 'sofa-boot-health-check' info: [0,0,1,1,0]
2023-09-20 12:25:25,002 INFO  SOFA-Thread-Pool-Monitor-2-thread-6 - Thread pool 'sofa-boot-health-check' info: [0,0,1,1,0]
2023-09-20 12:25:30,002 INFO  SOFA-Thread-Pool-Monitor-2-thread-6 - Thread pool 'sofa-boot-health-check' info: [0,0,1,1,0]
2023-09-20 12:25:35,002 INFO  SOFA-Thread-Pool-Monitor-2-thread-1 - Thread pool 'sofa-boot-health-check' info: [0,0,1,1,0]
2023-09-20 12:25:40,002 INFO  SOFA-Thread-Pool-Monitor-2-thread-2 - Thread pool 'sofa-boot-health-check' info: [0,0,1,1,0]
2023-09-20 12:25:44,998 INFO  SOFA-Thread-Pool-Monitor-2-thread-2 - Thread pool 'sofa-boot-health-check' info: [0,0,1,1,0]
2023-09-20 12:25:50,002 INFO  SOFA-Thread-Pool-Monitor-2-thread-2 - Thread pool 'sofa-boot-health-check' info: [0,0,1,1,0]
2023-09-20 12:25:55,002 INFO  SOFA-Thread-Pool-Monitor-2-thread-2 - Thread pool 'sofa-boot-health-check' info: [0,0,1,1,0]
2023-09-20 12:26:00,002 INFO  SOFA-Thread-Pool-Monitor-2-thread-2 - Thread pool 'sofa-boot-health-check' info: [0,0,1,1,0]
2023-09-20 12:26:05,002 INFO  SOFA-Thread-Pool-Monitor-2-thread-2 - Thread pool 'sofa-boot-health-check' info: [0,0,1,1,0]
2023-09-20 12:26:10,002 INFO  SOFA-Thread-Pool-Monitor-2-thread-2 - Thread pool 'sofa-boot-health-check' info: [0,0,1,1,0]
2023-09-20 12:26:15,002 INFO  SOFA-Thread-Pool-Monitor-2-thread-2 - Thread pool 'sofa-boot-health-check' info: [0,0,1,1,0]
2023-09-20 12:26:19,999 INFO  SOFA-Thread-Pool-Monitor-2-thread-2 - Thread pool 'sofa-boot-health-check' info: [0,0,1,1,0]
2023-09-20 12:26:25,002 INFO  SOFA-Thread-Pool-Monitor-2-thread-2 - Thread pool 'sofa-boot-health-check' info: [0,0,1,1,0]
2023-09-20 12:26:29,999 INFO  SOFA-Thread-Pool-Monitor-2-thread-2 - Thread pool 'sofa-boot-health-check' info: [0,0,1,1,0]
2023-09-20 12:26:34,999 INFO  SOFA-Thread-Pool-Monitor-2-thread-2 - Thread pool 'sofa-boot-health-check' info: [0,0,1,1,0]
2023-09-20 12:26:40,000 INFO  SOFA-Thread-Pool-Monitor-2-thread-2 - Thread pool 'sofa-boot-health-check' info: [0,0,1,1,0]
2023-09-20 12:26:45,002 INFO  SOFA-Thread-Pool-Monitor-2-thread-2 - Thread pool 'sofa-boot-health-check' info: [0,0,1,1,0]
2023-09-20 12:26:50,001 INFO  SOFA-Thread-Pool-Monitor-2-thread-2 - Thread pool 'sofa-boot-health-check' info: [0,0,1,1,0]
2023-09-20 12:26:55,002 INFO  SOFA-Thread-Pool-Monitor-2-thread-2 - Thread pool 'sofa-boot-health-check' info: [0,0,1,1,0]
2023-09-20 12:27:00,001 INFO  SOFA-Thread-Pool-Monitor-2-thread-2 - Thread pool 'sofa-boot-health-check' info: [0,0,1,1,0]
2023-09-20 12:27:05,002 INFO  SOFA-Thread-Pool-Monitor-2-thread-2 - Thread pool 'sofa-boot-health-check' info: [0,0,1,1,0]
2023-09-20 12:27:09,999 INFO  SOFA-Thread-Pool-Monitor-2-thread-2 - Thread pool 'sofa-boot-health-check' info: [0,0,1,1,0]
2023-09-20 12:27:15,002 INFO  SOFA-Thread-Pool-Monitor-2-thread-2 - Thread pool 'sofa-boot-health-check' info: [0,0,1,1,0]
2023-09-20 12:27:20,001 INFO  SOFA-Thread-Pool-Monitor-2-thread-2 - Thread pool 'sofa-boot-health-check' info: [0,0,1,1,0]
2023-09-20 12:27:24,998 INFO  SOFA-Thread-Pool-Monitor-2-thread-2 - Thread pool 'sofa-boot-health-check' info: [0,0,1,1,0]
2023-09-20 12:27:30,002 INFO  SOFA-Thread-Pool-Monitor-2-thread-2 - Thread pool 'sofa-boot-health-check' info: [0,0,1,1,0]
2023-09-20 12:27:35,001 INFO  SOFA-Thread-Pool-Monitor-2-thread-2 - Thread pool 'sofa-boot-health-check' info: [0,0,1,1,0]
2023-09-20 12:27:39,997 INFO  SOFA-Thread-Pool-Monitor-2-thread-2 - Thread pool 'sofa-boot-health-check' info: [0,0,1,1,0]
2023-09-20 12:27:45,002 INFO  SOFA-Thread-Pool-Monitor-2-thread-2 - Thread pool 'sofa-boot-health-check' info: [0,0,1,1,0]
2023-09-20 12:27:50,002 INFO  SOFA-Thread-Pool-Monitor-2-thread-2 - Thread pool 'sofa-boot-health-check' info: [0,0,1,1,0]
2023-09-20 12:27:55,002 INFO  SOFA-Thread-Pool-Monitor-2-thread-2 - Thread pool 'sofa-boot-health-check' info: [0,0,1,1,0]
2023-09-20 12:28:00,002 INFO  SOFA-Thread-Pool-Monitor-2-thread-2 - Thread pool 'sofa-boot-health-check' info: [0,0,1,1,0]
2023-09-20 12:28:05,002 INFO  SOFA-Thread-Pool-Monitor-2-thread-2 - Thread pool 'sofa-boot-health-check' info: [0,0,1,1,0]
2023-09-20 12:28:10,003 INFO  SOFA-Thread-Pool-Monitor-2-thread-2 - Thread pool 'sofa-boot-health-check' info: [0,0,1,1,0]
2023-09-20 12:28:15,001 INFO  SOFA-Thread-Pool-Monitor-2-thread-2 - Thread pool 'sofa-boot-health-check' info: [0,0,1,1,0]
2023-09-20 12:28:20,002 INFO  SOFA-Thread-Pool-Monitor-2-thread-2 - Thread pool 'sofa-boot-health-check' info: [0,0,1,1,0]
2023-09-20 12:28:25,003 INFO  SOFA-Thread-Pool-Monitor-2-thread-2 - Thread pool 'sofa-boot-health-check' info: [0,0,1,1,0]
2023-09-20 12:28:30,003 INFO  SOFA-Thread-Pool-Monitor-2-thread-2 - Thread pool 'sofa-boot-health-check' info: [0,0,1,1,0]
2023-09-20 12:28:34,998 INFO  SOFA-Thread-Pool-Monitor-2-thread-2 - Thread pool 'sofa-boot-health-check' info: [0,0,1,1,0]
2023-09-20 12:28:40,003 INFO  SOFA-Thread-Pool-Monitor-2-thread-2 - Thread pool 'sofa-boot-health-check' info: [0,0,1,1,0]
2023-09-20 12:28:45,002 INFO  SOFA-Thread-Pool-Monitor-2-thread-2 - Thread pool 'sofa-boot-health-check' info: [0,0,1,1,0]
2023-09-20 12:28:50,003 INFO  SOFA-Thread-Pool-Monitor-2-thread-2 - Thread pool 'sofa-boot-health-check' info: [0,0,1,1,0]
2023-09-20 12:28:55,003 INFO  SOFA-Thread-Pool-Monitor-2-thread-2 - Thread pool 'sofa-boot-health-check' info: [0,0,1,1,0]
2023-09-20 12:29:00,003 INFO  SOFA-Thread-Pool-Monitor-2-thread-2 - Thread pool 'sofa-boot-health-check' info: [0,0,1,1,0]
2023-09-20 12:29:05,000 INFO  SOFA-Thread-Pool-Monitor-2-thread-2 - Thread pool 'sofa-boot-health-check' info: [0,0,1,1,0]
2023-09-20 12:29:10,001 INFO  SOFA-Thread-Pool-Monitor-2-thread-2 - Thread pool 'sofa-boot-health-check' info: [0,0,1,1,0]
2023-09-20 12:29:15,003 INFO  SOFA-Thread-Pool-Monitor-2-thread-2 - Thread pool 'sofa-boot-health-check' info: [0,0,1,1,0]
2023-09-20 12:29:19,999 INFO  SOFA-Thread-Pool-Monitor-2-thread-2 - Thread pool 'sofa-boot-health-check' info: [0,0,1,1,0]
2023-09-20 12:29:25,001 INFO  SOFA-Thread-Pool-Monitor-2-thread-2 - Thread pool 'sofa-boot-health-check' info: [0,0,1,1,0]
2023-09-20 12:29:30,003 INFO  SOFA-Thread-Pool-Monitor-2-thread-2 - Thread pool 'sofa-boot-health-check' info: [0,0,1,1,0]
2023-09-20 12:29:35,003 INFO  SOFA-Thread-Pool-Monitor-2-thread-2 - Thread pool 'sofa-boot-health-check' info: [0,0,1,1,0]
2023-09-20 12:29:40,002 INFO  SOFA-Thread-Pool-Monitor-2-thread-2 - Thread pool 'sofa-boot-health-check' info: [0,0,1,1,0]
2023-09-20 12:29:45,000 INFO  SOFA-Thread-Pool-Monitor-2-thread-2 - Thread pool 'sofa-boot-health-check' info: [0,0,1,1,0]
2023-09-20 12:29:50,003 INFO  SOFA-Thread-Pool-Monitor-2-thread-2 - Thread pool 'sofa-boot-health-check' info: [0,0,1,1,0]
2023-09-20 12:29:55,003 INFO  SOFA-Thread-Pool-Monitor-2-thread-2 - Thread pool 'sofa-boot-health-check' info: [0,0,1,1,0]
2023-09-20 12:30:00,001 INFO  SOFA-Thread-Pool-Monitor-2-thread-4 - Thread pool 'sofa-boot-health-check' info: [0,0,1,1,0]
2023-09-20 12:30:04,999 INFO  SOFA-Thread-Pool-Monitor-2-thread-4 - Thread pool 'sofa-boot-health-check' info: [0,0,1,1,0]
2023-09-20 12:30:09,999 INFO  SOFA-Thread-Pool-Monitor-2-thread-4 - Thread pool 'sofa-boot-health-check' info: [0,0,1,1,0]
2023-09-20 12:30:15,003 INFO  SOFA-Thread-Pool-Monitor-2-thread-4 - Thread pool 'sofa-boot-health-check' info: [0,0,1,1,0]
2023-09-20 12:30:20,002 INFO  SOFA-Thread-Pool-Monitor-2-thread-4 - Thread pool 'sofa-boot-health-check' info: [0,0,1,1,0]
2023-09-20 12:30:25,003 INFO  SOFA-Thread-Pool-Monitor-2-thread-4 - Thread pool 'sofa-boot-health-check' info: [0,0,1,1,0]
2023-09-20 12:30:30,001 INFO  SOFA-Thread-Pool-Monitor-2-thread-4 - Thread pool 'sofa-boot-health-check' info: [0,0,1,1,0]
2023-09-20 12:30:35,003 INFO  SOFA-Thread-Pool-Monitor-2-thread-4 - Thread pool 'sofa-boot-health-check' info: [0,0,1,1,0]
2023-09-20 12:30:40,002 INFO  SOFA-Thread-Pool-Monitor-2-thread-4 - Thread pool 'sofa-boot-health-check' info: [0,0,1,1,0]
2023-09-20 12:30:45,007 INFO  SOFA-Thread-Pool-Monitor-2-thread-4 - Thread pool 'sofa-boot-health-check' info: [0,0,1,1,0]
2023-09-20 12:30:50,008 INFO  SOFA-Thread-Pool-Monitor-2-thread-4 - Thread pool 'sofa-boot-health-check' info: [0,0,1,1,0]
2023-09-20 12:30:55,011 INFO  SOFA-Thread-Pool-Monitor-2-thread-4 - Thread pool 'sofa-boot-health-check' info: [0,0,1,1,0]
2023-09-20 12:31:00,013 INFO  SOFA-Thread-Pool-Monitor-2-thread-4 - Thread pool 'sofa-boot-health-check' info: [0,0,1,1,0]
2023-09-20 12:31:05,015 INFO  SOFA-Thread-Pool-Monitor-2-thread-4 - Thread pool 'sofa-boot-health-check' info: [0,0,1,1,0]
2023-09-20 12:31:10,016 INFO  SOFA-Thread-Pool-Monitor-2-thread-4 - Thread pool 'sofa-boot-health-check' info: [0,0,1,1,0]
2023-09-20 12:31:15,017 INFO  SOFA-Thread-Pool-Monitor-2-thread-4 - Thread pool 'sofa-boot-health-check' info: [0,0,1,1,0]
2023-09-20 12:31:20,014 INFO  SOFA-Thread-Pool-Monitor-2-thread-4 - Thread pool 'sofa-boot-health-check' info: [0,0,1,1,0]
2023-09-20 12:31:25,019 INFO  SOFA-Thread-Pool-Monitor-2-thread-4 - Thread pool 'sofa-boot-health-check' info: [0,0,1,1,0]
2023-09-20 12:31:30,019 INFO  SOFA-Thread-Pool-Monitor-2-thread-4 - Thread pool 'sofa-boot-health-check' info: [0,0,1,1,0]
2023-09-20 12:31:35,019 INFO  SOFA-Thread-Pool-Monitor-2-thread-4 - Thread pool 'sofa-boot-health-check' info: [0,0,1,1,0]
2023-09-20 12:31:40,016 INFO  SOFA-Thread-Pool-Monitor-2-thread-4 - Thread pool 'sofa-boot-health-check' info: [0,0,1,1,0]
2023-09-20 12:31:45,017 INFO  SOFA-Thread-Pool-Monitor-2-thread-4 - Thread pool 'sofa-boot-health-check' info: [0,0,1,1,0]
2023-09-20 12:31:50,020 INFO  SOFA-Thread-Pool-Monitor-2-thread-4 - Thread pool 'sofa-boot-health-check' info: [0,0,1,1,0]
2023-09-20 12:31:55,019 INFO  SOFA-Thread-Pool-Monitor-2-thread-4 - Thread pool 'sofa-boot-health-check' info: [0,0,1,1,0]
2023-09-20 12:32:00,018 INFO  SOFA-Thread-Pool-Monitor-2-thread-4 - Thread pool 'sofa-boot-health-check' info: [0,0,1,1,0]
2023-09-20 12:37:04,638 INFO  SOFA-Thread-Pool-Monitor-2-thread-4 - Thread pool 'sofa-boot-health-check' info: [0,0,1,1,0]
2023-09-20 12:37:09,637 INFO  SOFA-Thread-Pool-Monitor-2-thread-4 - Thread pool 'sofa-boot-health-check' info: [0,0,1,1,0]
2023-09-20 12:37:14,637 INFO  SOFA-Thread-Pool-Monitor-2-thread-4 - Thread pool 'sofa-boot-health-check' info: [0,0,1,1,0]
2023-09-20 12:37:19,629 INFO  SOFA-Thread-Pool-Monitor-2-thread-4 - Thread pool 'sofa-boot-health-check' info: [0,0,1,1,0]
2023-09-20 12:37:24,630 INFO  SOFA-Thread-Pool-Monitor-2-thread-4 - Thread pool 'sofa-boot-health-check' info: [0,0,1,1,0]
2023-09-20 12:37:29,624 INFO  SOFA-Thread-Pool-Monitor-2-thread-4 - Thread pool 'sofa-boot-health-check' info: [0,0,1,1,0]
2023-09-20 12:37:34,622 INFO  SOFA-Thread-Pool-Monitor-2-thread-4 - Thread pool 'sofa-boot-health-check' info: [0,0,1,1,0]
2023-09-20 12:37:39,625 INFO  SOFA-Thread-Pool-Monitor-2-thread-4 - Thread pool 'sofa-boot-health-check' info: [0,0,1,1,0]
2023-09-20 12:37:44,623 INFO  SOFA-Thread-Pool-Monitor-2-thread-4 - Thread pool 'sofa-boot-health-check' info: [0,0,1,1,0]
2023-09-20 12:42:50,045 INFO  SOFA-Thread-Pool-Monitor-2-thread-4 - Thread pool 'sofa-boot-health-check' info: [0,0,1,1,0]
2023-09-20 12:42:54,954 INFO  SOFA-Thread-Pool-Monitor-2-thread-4 - Thread pool 'sofa-boot-health-check' info: [0,0,1,1,0]
2023-09-20 12:42:59,953 INFO  SOFA-Thread-Pool-Monitor-2-thread-4 - Thread pool 'sofa-boot-health-check' info: [0,0,1,1,0]
2023-09-20 12:43:04,950 INFO  SOFA-Thread-Pool-Monitor-2-thread-4 - Thread pool 'sofa-boot-health-check' info: [0,0,1,1,0]
2023-09-20 12:43:09,951 INFO  SOFA-Thread-Pool-Monitor-2-thread-4 - Thread pool 'sofa-boot-health-check' info: [0,0,1,1,0]
2023-09-20 12:43:14,946 INFO  SOFA-Thread-Pool-Monitor-2-thread-4 - Thread pool 'sofa-boot-health-check' info: [0,0,1,1,0]
2023-09-20 12:43:19,945 INFO  SOFA-Thread-Pool-Monitor-2-thread-4 - Thread pool 'sofa-boot-health-check' info: [0,0,1,1,0]
2023-09-20 12:43:24,948 INFO  SOFA-Thread-Pool-Monitor-2-thread-4 - Thread pool 'sofa-boot-health-check' info: [0,0,1,1,0]
2023-09-20 12:43:29,943 INFO  SOFA-Thread-Pool-Monitor-2-thread-4 - Thread pool 'sofa-boot-health-check' info: [0,0,1,1,0]
2023-09-20 12:43:34,946 INFO  SOFA-Thread-Pool-Monitor-2-thread-4 - Thread pool 'sofa-boot-health-check' info: [0,0,1,1,0]
2023-09-20 12:48:40,453 INFO  SOFA-Thread-Pool-Monitor-2-thread-4 - Thread pool 'sofa-boot-health-check' info: [0,0,1,1,0]
2023-09-20 12:48:45,454 INFO  SOFA-Thread-Pool-Monitor-2-thread-4 - Thread pool 'sofa-boot-health-check' info: [0,0,1,1,0]
2023-09-20 12:48:50,457 INFO  SOFA-Thread-Pool-Monitor-2-thread-4 - Thread pool 'sofa-boot-health-check' info: [0,0,1,1,0]
2023-09-20 12:48:55,456 INFO  SOFA-Thread-Pool-Monitor-2-thread-4 - Thread pool 'sofa-boot-health-check' info: [0,0,1,1,0]
2023-09-20 12:49:00,459 INFO  SOFA-Thread-Pool-Monitor-2-thread-4 - Thread pool 'sofa-boot-health-check' info: [0,0,1,1,0]
2023-09-20 12:49:05,457 INFO  SOFA-Thread-Pool-Monitor-2-thread-9 - Thread pool 'sofa-boot-health-check' info: [0,0,1,1,0]
2023-09-20 12:49:10,464 INFO  SOFA-Thread-Pool-Monitor-2-thread-9 - Thread pool 'sofa-boot-health-check' info: [0,0,1,1,0]
2023-09-20 12:49:15,464 INFO  SOFA-Thread-Pool-Monitor-2-thread-9 - Thread pool 'sofa-boot-health-check' info: [0,0,1,1,0]
2023-09-20 12:49:20,460 INFO  SOFA-Thread-Pool-Monitor-2-thread-9 - Thread pool 'sofa-boot-health-check' info: [0,0,1,1,0]
2023-09-20 13:04:56,975 INFO  SOFA-Thread-Pool-Monitor-2-thread-9 - Thread pool 'sofa-boot-health-check' info: [0,0,1,1,0]
2023-09-20 13:05:01,973 INFO  SOFA-Thread-Pool-Monitor-2-thread-9 - Thread pool 'sofa-boot-health-check' info: [0,0,1,1,0]
2023-09-20 13:05:06,965 INFO  SOFA-Thread-Pool-Monitor-2-thread-9 - Thread pool 'sofa-boot-health-check' info: [0,0,1,1,0]
2023-09-20 13:05:11,959 INFO  SOFA-Thread-Pool-Monitor-2-thread-9 - Thread pool 'sofa-boot-health-check' info: [0,0,1,1,0]
2023-09-20 13:05:16,962 INFO  SOFA-Thread-Pool-Monitor-2-thread-9 - Thread pool 'sofa-boot-health-check' info: [0,0,1,1,0]
2023-09-20 13:05:21,959 INFO  SOFA-Thread-Pool-Monitor-2-thread-9 - Thread pool 'sofa-boot-health-check' info: [0,0,1,1,0]
2023-09-20 13:05:26,960 INFO  SOFA-Thread-Pool-Monitor-2-thread-9 - Thread pool 'sofa-boot-health-check' info: [0,0,1,1,0]
2023-09-20 13:05:31,960 INFO  SOFA-Thread-Pool-Monitor-2-thread-9 - Thread pool 'sofa-boot-health-check' info: [0,0,1,1,0]
2023-09-20 13:05:36,959 INFO  SOFA-Thread-Pool-Monitor-2-thread-9 - Thread pool 'sofa-boot-health-check' info: [0,0,1,1,0]
2023-09-20 13:22:29,771 INFO  SOFA-Thread-Pool-Monitor-2-thread-9 - Thread pool 'sofa-boot-health-check' info: [0,0,1,1,0]
2023-09-20 13:22:34,773 INFO  SOFA-Thread-Pool-Monitor-2-thread-9 - Thread pool 'sofa-boot-health-check' info: [0,0,1,1,0]
2023-09-20 13:22:39,769 INFO  SOFA-Thread-Pool-Monitor-2-thread-9 - Thread pool 'sofa-boot-health-check' info: [0,0,1,1,0]
2023-09-20 13:22:44,762 INFO  SOFA-Thread-Pool-Monitor-2-thread-9 - Thread pool 'sofa-boot-health-check' info: [0,0,1,1,0]
2023-09-20 13:22:49,766 INFO  SOFA-Thread-Pool-Monitor-2-thread-9 - Thread pool 'sofa-boot-health-check' info: [0,0,1,1,0]
2023-09-20 13:22:54,768 INFO  SOFA-Thread-Pool-Monitor-2-thread-9 - Thread pool 'sofa-boot-health-check' info: [0,0,1,1,0]
2023-09-20 13:22:59,764 INFO  SOFA-Thread-Pool-Monitor-2-thread-9 - Thread pool 'sofa-boot-health-check' info: [0,0,1,1,0]
2023-09-20 13:23:04,762 INFO  SOFA-Thread-Pool-Monitor-2-thread-9 - Thread pool 'sofa-boot-health-check' info: [0,0,1,1,0]
2023-09-20 13:23:09,764 INFO  SOFA-Thread-Pool-Monitor-2-thread-9 - Thread pool 'sofa-boot-health-check' info: [0,0,1,1,0]
2023-09-20 13:23:14,766 INFO  SOFA-Thread-Pool-Monitor-2-thread-9 - Thread pool 'sofa-boot-health-check' info: [0,0,1,1,0]
2023-09-20 13:23:19,767 INFO  SOFA-Thread-Pool-Monitor-2-thread-9 - Thread pool 'sofa-boot-health-check' info: [0,0,1,1,0]
2023-09-20 13:23:24,765 INFO  SOFA-Thread-Pool-Monitor-2-thread-4 - Thread pool 'sofa-boot-health-check' info: [0,0,1,1,0]
2023-09-20 13:23:29,764 INFO  SOFA-Thread-Pool-Monitor-2-thread-4 - Thread pool 'sofa-boot-health-check' info: [0,0,1,1,0]
2023-09-20 13:23:34,760 INFO  SOFA-Thread-Pool-Monitor-2-thread-4 - Thread pool 'sofa-boot-health-check' info: [0,0,1,1,0]
2023-09-20 13:23:39,764 INFO  SOFA-Thread-Pool-Monitor-2-thread-4 - Thread pool 'sofa-boot-health-check' info: [0,0,1,1,0]
2023-09-20 13:23:44,767 INFO  SOFA-Thread-Pool-Monitor-2-thread-4 - Thread pool 'sofa-boot-health-check' info: [0,0,1,1,0]
2023-09-20 13:23:49,760 INFO  SOFA-Thread-Pool-Monitor-2-thread-4 - Thread pool 'sofa-boot-health-check' info: [0,0,1,1,0]
2023-09-20 13:23:54,765 INFO  SOFA-Thread-Pool-Monitor-2-thread-4 - Thread pool 'sofa-boot-health-check' info: [0,0,1,1,0]
2023-09-20 13:23:59,764 INFO  SOFA-Thread-Pool-Monitor-2-thread-4 - Thread pool 'sofa-boot-health-check' info: [0,0,1,1,0]
2023-09-20 13:24:04,765 INFO  SOFA-Thread-Pool-Monitor-2-thread-4 - Thread pool 'sofa-boot-health-check' info: [0,0,1,1,0]
2023-09-20 13:24:09,765 INFO  SOFA-Thread-Pool-Monitor-2-thread-4 - Thread pool 'sofa-boot-health-check' info: [0,0,1,1,0]
2023-09-20 13:24:14,764 INFO  SOFA-Thread-Pool-Monitor-2-thread-4 - Thread pool 'sofa-boot-health-check' info: [0,0,1,1,0]
2023-09-20 13:24:19,762 INFO  SOFA-Thread-Pool-Monitor-2-thread-4 - Thread pool 'sofa-boot-health-check' info: [0,0,1,1,0]
2023-09-20 13:24:24,767 INFO  SOFA-Thread-Pool-Monitor-2-thread-4 - Thread pool 'sofa-boot-health-check' info: [0,0,1,1,0]
2023-09-20 13:24:29,765 INFO  SOFA-Thread-Pool-Monitor-2-thread-4 - Thread pool 'sofa-boot-health-check' info: [0,0,1,1,0]
2023-09-20 13:24:34,763 INFO  SOFA-Thread-Pool-Monitor-2-thread-4 - Thread pool 'sofa-boot-health-check' info: [0,0,1,1,0]
2023-09-20 13:24:39,767 INFO  SOFA-Thread-Pool-Monitor-2-thread-4 - Thread pool 'sofa-boot-health-check' info: [0,0,1,1,0]
2023-09-20 13:41:58,916 INFO  SOFA-Thread-Pool-Monitor-2-thread-4 - Thread pool 'sofa-boot-health-check' info: [0,0,1,1,0]
2023-09-20 13:42:03,908 INFO  SOFA-Thread-Pool-Monitor-2-thread-4 - Thread pool 'sofa-boot-health-check' info: [0,0,1,1,0]
2023-09-20 13:42:08,915 INFO  SOFA-Thread-Pool-Monitor-2-thread-4 - Thread pool 'sofa-boot-health-check' info: [0,0,1,1,0]
2023-09-20 13:42:13,907 INFO  SOFA-Thread-Pool-Monitor-2-thread-4 - Thread pool 'sofa-boot-health-check' info: [0,0,1,1,0]
2023-09-20 13:42:18,911 INFO  SOFA-Thread-Pool-Monitor-2-thread-4 - Thread pool 'sofa-boot-health-check' info: [0,0,1,1,0]
2023-09-20 13:42:23,910 INFO  SOFA-Thread-Pool-Monitor-2-thread-4 - Thread pool 'sofa-boot-health-check' info: [0,0,1,1,0]
2023-09-20 13:42:28,909 INFO  SOFA-Thread-Pool-Monitor-2-thread-4 - Thread pool 'sofa-boot-health-check' info: [0,0,1,1,0]
2023-09-20 13:42:33,910 INFO  SOFA-Thread-Pool-Monitor-2-thread-4 - Thread pool 'sofa-boot-health-check' info: [0,0,1,1,0]
2023-09-20 13:42:38,911 INFO  SOFA-Thread-Pool-Monitor-2-thread-4 - Thread pool 'sofa-boot-health-check' info: [0,0,1,1,0]
2023-09-20 13:59:05,412 INFO  SOFA-Thread-Pool-Monitor-2-thread-4 - Thread pool 'sofa-boot-health-check' info: [0,0,1,1,0]
2023-09-20 13:59:10,419 INFO  SOFA-Thread-Pool-Monitor-2-thread-4 - Thread pool 'sofa-boot-health-check' info: [0,0,1,1,0]
2023-09-20 13:59:15,426 INFO  SOFA-Thread-Pool-Monitor-2-thread-4 - Thread pool 'sofa-boot-health-check' info: [0,0,1,1,0]
2023-09-20 13:59:20,429 INFO  SOFA-Thread-Pool-Monitor-2-thread-4 - Thread pool 'sofa-boot-health-check' info: [0,0,1,1,0]
2023-09-20 13:59:25,439 INFO  SOFA-Thread-Pool-Monitor-2-thread-4 - Thread pool 'sofa-boot-health-check' info: [0,0,1,1,0]
2023-09-20 13:59:30,446 INFO  SOFA-Thread-Pool-Monitor-2-thread-4 - Thread pool 'sofa-boot-health-check' info: [0,0,1,1,0]
2023-09-20 13:59:35,447 INFO  SOFA-Thread-Pool-Monitor-2-thread-4 - Thread pool 'sofa-boot-health-check' info: [0,0,1,1,0]
2023-09-20 13:59:40,442 INFO  SOFA-Thread-Pool-Monitor-2-thread-4 - Thread pool 'sofa-boot-health-check' info: [0,0,1,1,0]
2023-09-20 13:59:45,445 INFO  SOFA-Thread-Pool-Monitor-2-thread-4 - Thread pool 'sofa-boot-health-check' info: [0,0,1,1,0]
2023-09-20 13:59:50,456 INFO  SOFA-Thread-Pool-Monitor-2-thread-4 - Thread pool 'sofa-boot-health-check' info: [0,0,1,1,0]
2023-09-20 13:59:55,452 INFO  SOFA-Thread-Pool-Monitor-2-thread-4 - Thread pool 'sofa-boot-health-check' info: [0,0,1,1,0]
2023-09-20 14:00:00,452 INFO  SOFA-Thread-Pool-Monitor-2-thread-4 - Thread pool 'sofa-boot-health-check' info: [0,0,1,1,0]
2023-09-20 14:00:05,448 INFO  SOFA-Thread-Pool-Monitor-2-thread-4 - Thread pool 'sofa-boot-health-check' info: [0,0,1,1,0]
2023-09-20 14:00:10,457 INFO  SOFA-Thread-Pool-Monitor-2-thread-4 - Thread pool 'sofa-boot-health-check' info: [0,0,1,1,0]
2023-09-20 14:00:15,458 INFO  SOFA-Thread-Pool-Monitor-2-thread-4 - Thread pool 'sofa-boot-health-check' info: [0,0,1,1,0]
2023-09-20 14:00:20,454 INFO  SOFA-Thread-Pool-Monitor-2-thread-4 - Thread pool 'sofa-boot-health-check' info: [0,0,1,1,0]
2023-09-20 14:00:25,453 INFO  SOFA-Thread-Pool-Monitor-2-thread-4 - Thread pool 'sofa-boot-health-check' info: [0,0,1,1,0]
2023-09-20 14:00:30,456 INFO  SOFA-Thread-Pool-Monitor-2-thread-4 - Thread pool 'sofa-boot-health-check' info: [0,0,1,1,0]
2023-09-20 14:00:35,458 INFO  SOFA-Thread-Pool-Monitor-2-thread-4 - Thread pool 'sofa-boot-health-check' info: [0,0,1,1,0]
2023-09-20 14:00:40,450 INFO  SOFA-Thread-Pool-Monitor-2-thread-4 - Thread pool 'sofa-boot-health-check' info: [0,0,1,1,0]
2023-09-20 14:00:45,454 INFO  SOFA-Thread-Pool-Monitor-2-thread-4 - Thread pool 'sofa-boot-health-check' info: [0,0,1,1,0]
2023-09-20 14:00:50,451 INFO  SOFA-Thread-Pool-Monitor-2-thread-4 - Thread pool 'sofa-boot-health-check' info: [0,0,1,1,0]
2023-09-20 14:00:55,454 INFO  SOFA-Thread-Pool-Monitor-2-thread-4 - Thread pool 'sofa-boot-health-check' info: [0,0,1,1,0]
2023-09-20 14:01:00,457 INFO  SOFA-Thread-Pool-Monitor-2-thread-4 - Thread pool 'sofa-boot-health-check' info: [0,0,1,1,0]
2023-09-20 14:01:05,458 INFO  SOFA-Thread-Pool-Monitor-2-thread-4 - Thread pool 'sofa-boot-health-check' info: [0,0,1,1,0]
2023-09-20 14:01:10,456 INFO  SOFA-Thread-Pool-Monitor-2-thread-4 - Thread pool 'sofa-boot-health-check' info: [0,0,1,1,0]
2023-09-20 14:01:15,456 INFO  SOFA-Thread-Pool-Monitor-2-thread-4 - Thread pool 'sofa-boot-health-check' info: [0,0,1,1,0]
2023-09-20 14:01:20,449 INFO  SOFA-Thread-Pool-Monitor-2-thread-4 - Thread pool 'sofa-boot-health-check' info: [0,0,1,1,0]
2023-09-20 14:01:25,452 INFO  SOFA-Thread-Pool-Monitor-2-thread-4 - Thread pool 'sofa-boot-health-check' info: [0,0,1,1,0]
2023-09-20 14:01:30,449 INFO  SOFA-Thread-Pool-Monitor-2-thread-4 - Thread pool 'sofa-boot-health-check' info: [0,0,1,1,0]
2023-09-20 14:01:35,452 INFO  SOFA-Thread-Pool-Monitor-2-thread-4 - Thread pool 'sofa-boot-health-check' info: [0,0,1,1,0]
2023-09-20 14:01:40,455 INFO  SOFA-Thread-Pool-Monitor-2-thread-4 - Thread pool 'sofa-boot-health-check' info: [0,0,1,1,0]
2023-09-20 14:01:45,458 INFO  SOFA-Thread-Pool-Monitor-2-thread-4 - Thread pool 'sofa-boot-health-check' info: [0,0,1,1,0]
2023-09-20 14:01:50,453 INFO  SOFA-Thread-Pool-Monitor-2-thread-4 - Thread pool 'sofa-boot-health-check' info: [0,0,1,1,0]
2023-09-20 14:01:55,455 INFO  SOFA-Thread-Pool-Monitor-2-thread-4 - Thread pool 'sofa-boot-health-check' info: [0,0,1,1,0]
2023-09-20 14:02:00,458 INFO  SOFA-Thread-Pool-Monitor-2-thread-4 - Thread pool 'sofa-boot-health-check' info: [0,0,1,1,0]
2023-09-20 14:02:05,457 INFO  SOFA-Thread-Pool-Monitor-2-thread-4 - Thread pool 'sofa-boot-health-check' info: [0,0,1,1,0]
2023-09-20 14:02:10,458 INFO  SOFA-Thread-Pool-Monitor-2-thread-4 - Thread pool 'sofa-boot-health-check' info: [0,0,1,1,0]
2023-09-20 14:02:15,452 INFO  SOFA-Thread-Pool-Monitor-2-thread-4 - Thread pool 'sofa-boot-health-check' info: [0,0,1,1,0]
2023-09-20 14:02:20,454 INFO  SOFA-Thread-Pool-Monitor-2-thread-4 - Thread pool 'sofa-boot-health-check' info: [0,0,1,1,0]
2023-09-20 14:02:25,455 INFO  SOFA-Thread-Pool-Monitor-2-thread-4 - Thread pool 'sofa-boot-health-check' info: [0,0,1,1,0]
2023-09-20 14:02:30,457 INFO  SOFA-Thread-Pool-Monitor-2-thread-4 - Thread pool 'sofa-boot-health-check' info: [0,0,1,1,0]
2023-09-20 14:02:35,455 INFO  SOFA-Thread-Pool-Monitor-2-thread-4 - Thread pool 'sofa-boot-health-check' info: [0,0,1,1,0]
2023-09-20 14:02:40,456 INFO  SOFA-Thread-Pool-Monitor-2-thread-4 - Thread pool 'sofa-boot-health-check' info: [0,0,1,1,0]
2023-09-20 14:02:45,455 INFO  SOFA-Thread-Pool-Monitor-2-thread-4 - Thread pool 'sofa-boot-health-check' info: [0,0,1,1,0]
2023-09-20 14:02:50,455 INFO  SOFA-Thread-Pool-Monitor-2-thread-4 - Thread pool 'sofa-boot-health-check' info: [0,0,1,1,0]
2023-09-20 14:02:55,453 INFO  SOFA-Thread-Pool-Monitor-2-thread-4 - Thread pool 'sofa-boot-health-check' info: [0,0,1,1,0]
2023-09-20 14:03:00,459 INFO  SOFA-Thread-Pool-Monitor-2-thread-4 - Thread pool 'sofa-boot-health-check' info: [0,0,1,1,0]
2023-09-20 14:03:05,456 INFO  SOFA-Thread-Pool-Monitor-2-thread-4 - Thread pool 'sofa-boot-health-check' info: [0,0,1,1,0]
2023-09-20 14:03:10,458 INFO  SOFA-Thread-Pool-Monitor-2-thread-4 - Thread pool 'sofa-boot-health-check' info: [0,0,1,1,0]
2023-09-20 14:03:15,456 INFO  SOFA-Thread-Pool-Monitor-2-thread-4 - Thread pool 'sofa-boot-health-check' info: [0,0,1,1,0]
2023-09-20 14:03:20,456 INFO  SOFA-Thread-Pool-Monitor-2-thread-4 - Thread pool 'sofa-boot-health-check' info: [0,0,1,1,0]
2023-09-20 14:03:25,458 INFO  SOFA-Thread-Pool-Monitor-2-thread-4 - Thread pool 'sofa-boot-health-check' info: [0,0,1,1,0]
2023-09-20 14:03:30,458 INFO  SOFA-Thread-Pool-Monitor-2-thread-4 - Thread pool 'sofa-boot-health-check' info: [0,0,1,1,0]
2023-09-20 14:03:35,455 INFO  SOFA-Thread-Pool-Monitor-2-thread-4 - Thread pool 'sofa-boot-health-check' info: [0,0,1,1,0]
2023-09-20 14:03:40,462 INFO  SOFA-Thread-Pool-Monitor-2-thread-4 - Thread pool 'sofa-boot-health-check' info: [0,0,1,1,0]
2023-09-20 14:03:45,452 INFO  SOFA-Thread-Pool-Monitor-2-thread-4 - Thread pool 'sofa-boot-health-check' info: [0,0,1,1,0]
2023-09-20 14:03:50,448 INFO  SOFA-Thread-Pool-Monitor-2-thread-4 - Thread pool 'sofa-boot-health-check' info: [0,0,1,1,0]
2023-09-20 14:03:55,446 INFO  SOFA-Thread-Pool-Monitor-2-thread-4 - Thread pool 'sofa-boot-health-check' info: [0,0,1,1,0]
2023-09-20 14:04:00,443 INFO  SOFA-Thread-Pool-Monitor-2-thread-4 - Thread pool 'sofa-boot-health-check' info: [0,0,1,1,0]
2023-09-20 14:04:05,446 INFO  SOFA-Thread-Pool-Monitor-2-thread-4 - Thread pool 'sofa-boot-health-check' info: [0,0,1,1,0]
2023-09-20 14:04:10,442 INFO  SOFA-Thread-Pool-Monitor-2-thread-4 - Thread pool 'sofa-boot-health-check' info: [0,0,1,1,0]
2023-09-20 14:04:15,444 INFO  SOFA-Thread-Pool-Monitor-2-thread-4 - Thread pool 'sofa-boot-health-check' info: [0,0,1,1,0]
2023-09-20 14:04:20,443 INFO  SOFA-Thread-Pool-Monitor-2-thread-4 - Thread pool 'sofa-boot-health-check' info: [0,0,1,1,0]
2023-09-20 14:04:25,444 INFO  SOFA-Thread-Pool-Monitor-2-thread-4 - Thread pool 'sofa-boot-health-check' info: [0,0,1,1,0]
2023-09-20 14:04:30,442 INFO  SOFA-Thread-Pool-Monitor-2-thread-4 - Thread pool 'sofa-boot-health-check' info: [0,0,1,1,0]
2023-09-20 14:04:35,444 INFO  SOFA-Thread-Pool-Monitor-2-thread-4 - Thread pool 'sofa-boot-health-check' info: [0,0,1,1,0]
2023-09-20 14:04:40,445 INFO  SOFA-Thread-Pool-Monitor-2-thread-4 - Thread pool 'sofa-boot-health-check' info: [0,0,1,1,0]
2023-09-20 14:04:45,444 INFO  SOFA-Thread-Pool-Monitor-2-thread-4 - Thread pool 'sofa-boot-health-check' info: [0,0,1,1,0]
2023-09-20 14:04:50,441 INFO  SOFA-Thread-Pool-Monitor-2-thread-4 - Thread pool 'sofa-boot-health-check' info: [0,0,1,1,0]
2023-09-20 14:04:55,445 INFO  SOFA-Thread-Pool-Monitor-2-thread-4 - Thread pool 'sofa-boot-health-check' info: [0,0,1,1,0]
2023-09-20 14:05:00,444 INFO  SOFA-Thread-Pool-Monitor-2-thread-4 - Thread pool 'sofa-boot-health-check' info: [0,0,1,1,0]
2023-09-20 14:05:05,442 INFO  SOFA-Thread-Pool-Monitor-2-thread-4 - Thread pool 'sofa-boot-health-check' info: [0,0,1,1,0]
2023-09-20 14:05:10,445 INFO  SOFA-Thread-Pool-Monitor-2-thread-4 - Thread pool 'sofa-boot-health-check' info: [0,0,1,1,0]
2023-09-20 14:05:15,442 INFO  SOFA-Thread-Pool-Monitor-2-thread-4 - Thread pool 'sofa-boot-health-check' info: [0,0,1,1,0]
2023-09-20 14:05:20,442 INFO  SOFA-Thread-Pool-Monitor-2-thread-7 - Thread pool 'sofa-boot-health-check' info: [0,0,1,1,0]
2023-09-20 14:05:38,783 INFO  main  - Thread pool 'sofa-boot-health-check' started with period: 5000 MILLISECONDS
2023-09-20 14:05:38,784 INFO  main  - Thread pool with name 'sofa-boot-health-check' registered
2023-09-20 14:05:43,754 INFO  SOFA-Thread-Pool-Monitor-2-thread-1 - Thread pool 'sofa-boot-health-check' info: [0,0,1,1,0]
2023-09-20 14:05:43,756 INFO  SOFA-Thread-Pool-Monitor-2-thread-1 - Thread pool 'sofa-boot-health-check' average static info: [0,0]
2023-09-20 14:05:48,752 INFO  SOFA-Thread-Pool-Monitor-2-thread-1 - Thread pool 'sofa-boot-health-check' info: [0,0,1,1,0]
2023-09-20 14:05:53,749 INFO  SOFA-Thread-Pool-Monitor-2-thread-2 - Thread pool 'sofa-boot-health-check' info: [0,0,1,1,0]
2023-09-20 14:05:58,752 INFO  SOFA-Thread-Pool-Monitor-2-thread-1 - Thread pool 'sofa-boot-health-check' info: [0,0,1,1,0]
2023-09-20 14:06:03,753 INFO  SOFA-Thread-Pool-Monitor-2-thread-3 - Thread pool 'sofa-boot-health-check' info: [0,0,1,1,0]
2023-09-20 14:06:08,749 INFO  SOFA-Thread-Pool-Monitor-2-thread-2 - Thread pool 'sofa-boot-health-check' info: [0,0,1,1,0]
2023-09-20 14:06:13,750 INFO  SOFA-Thread-Pool-Monitor-2-thread-4 - Thread pool 'sofa-boot-health-check' info: [0,0,1,1,0]
2023-09-20 14:06:18,752 INFO  SOFA-Thread-Pool-Monitor-2-thread-1 - Thread pool 'sofa-boot-health-check' info: [0,0,1,1,0]
2023-09-20 14:06:23,753 INFO  SOFA-Thread-Pool-Monitor-2-thread-5 - Thread pool 'sofa-boot-health-check' info: [0,0,1,1,0]
2023-09-20 14:06:28,752 INFO  SOFA-Thread-Pool-Monitor-2-thread-5 - Thread pool 'sofa-boot-health-check' info: [0,0,1,1,0]
2023-09-20 14:06:33,752 INFO  SOFA-Thread-Pool-Monitor-2-thread-5 - Thread pool 'sofa-boot-health-check' info: [0,0,1,1,0]
2023-09-20 14:06:38,748 INFO  SOFA-Thread-Pool-Monitor-2-thread-5 - Thread pool 'sofa-boot-health-check' info: [0,0,1,1,0]
2023-09-20 14:06:43,751 INFO  SOFA-Thread-Pool-Monitor-2-thread-5 - Thread pool 'sofa-boot-health-check' info: [0,0,1,1,0]
2023-09-20 14:06:48,753 INFO  SOFA-Thread-Pool-Monitor-2-thread-4 - Thread pool 'sofa-boot-health-check' info: [0,0,1,1,0]
2023-09-20 14:06:53,751 INFO  SOFA-Thread-Pool-Monitor-2-thread-4 - Thread pool 'sofa-boot-health-check' info: [0,0,1,1,0]
2023-09-20 14:06:58,749 INFO  SOFA-Thread-Pool-Monitor-2-thread-4 - Thread pool 'sofa-boot-health-check' info: [0,0,1,1,0]
2023-09-20 14:07:03,748 INFO  SOFA-Thread-Pool-Monitor-2-thread-4 - Thread pool 'sofa-boot-health-check' info: [0,0,1,1,0]
2023-09-20 14:07:08,752 INFO  SOFA-Thread-Pool-Monitor-2-thread-4 - Thread pool 'sofa-boot-health-check' info: [0,0,1,1,0]
2023-09-20 14:07:13,752 INFO  SOFA-Thread-Pool-Monitor-2-thread-4 - Thread pool 'sofa-boot-health-check' info: [0,0,1,1,0]
2023-09-20 14:07:18,751 INFO  SOFA-Thread-Pool-Monitor-2-thread-4 - Thread pool 'sofa-boot-health-check' info: [0,0,1,1,0]
2023-09-20 14:07:23,750 INFO  SOFA-Thread-Pool-Monitor-2-thread-4 - Thread pool 'sofa-boot-health-check' info: [0,0,1,1,0]
2023-09-20 14:07:28,752 INFO  SOFA-Thread-Pool-Monitor-2-thread-4 - Thread pool 'sofa-boot-health-check' info: [0,0,1,1,0]
2023-09-20 14:07:33,751 INFO  SOFA-Thread-Pool-Monitor-2-thread-4 - Thread pool 'sofa-boot-health-check' info: [0,0,1,1,0]
2023-09-20 14:07:38,751 INFO  SOFA-Thread-Pool-Monitor-2-thread-4 - Thread pool 'sofa-boot-health-check' info: [0,0,1,1,0]
2023-09-20 14:07:43,753 INFO  SOFA-Thread-Pool-Monitor-2-thread-4 - Thread pool 'sofa-boot-health-check' info: [0,0,1,1,0]
2023-09-20 14:07:48,752 INFO  SOFA-Thread-Pool-Monitor-2-thread-4 - Thread pool 'sofa-boot-health-check' info: [0,0,1,1,0]
2023-09-20 14:07:53,752 INFO  SOFA-Thread-Pool-Monitor-2-thread-4 - Thread pool 'sofa-boot-health-check' info: [0,0,1,1,0]
2023-09-20 14:07:58,752 INFO  SOFA-Thread-Pool-Monitor-2-thread-4 - Thread pool 'sofa-boot-health-check' info: [0,0,1,1,0]
2023-09-20 14:08:03,753 INFO  SOFA-Thread-Pool-Monitor-2-thread-4 - Thread pool 'sofa-boot-health-check' info: [0,0,1,1,0]
2023-09-20 14:08:08,752 INFO  SOFA-Thread-Pool-Monitor-2-thread-4 - Thread pool 'sofa-boot-health-check' info: [0,0,1,1,0]
2023-09-20 14:08:13,752 INFO  SOFA-Thread-Pool-Monitor-2-thread-4 - Thread pool 'sofa-boot-health-check' info: [0,0,1,1,0]
2023-09-20 14:08:18,754 INFO  SOFA-Thread-Pool-Monitor-2-thread-4 - Thread pool 'sofa-boot-health-check' info: [0,0,1,1,0]
2023-09-20 14:08:23,754 INFO  SOFA-Thread-Pool-Monitor-2-thread-4 - Thread pool 'sofa-boot-health-check' info: [0,0,1,1,0]
2023-09-20 14:08:28,753 INFO  SOFA-Thread-Pool-Monitor-2-thread-3 - Thread pool 'sofa-boot-health-check' info: [0,0,1,1,0]
2023-09-20 14:08:33,752 INFO  SOFA-Thread-Pool-Monitor-2-thread-6 - Thread pool 'sofa-boot-health-check' info: [0,0,1,1,0]
2023-09-20 14:08:38,752 INFO  SOFA-Thread-Pool-Monitor-2-thread-6 - Thread pool 'sofa-boot-health-check' info: [0,0,1,1,0]
2023-09-20 14:08:43,753 INFO  SOFA-Thread-Pool-Monitor-2-thread-6 - Thread pool 'sofa-boot-health-check' info: [0,0,1,1,0]
2023-09-20 14:08:48,753 INFO  SOFA-Thread-Pool-Monitor-2-thread-6 - Thread pool 'sofa-boot-health-check' info: [0,0,1,1,0]
2023-09-20 14:08:53,749 INFO  SOFA-Thread-Pool-Monitor-2-thread-8 - Thread pool 'sofa-boot-health-check' info: [0,0,1,1,0]
2023-09-20 14:08:58,750 INFO  SOFA-Thread-Pool-Monitor-2-thread-1 - Thread pool 'sofa-boot-health-check' info: [0,0,1,1,0]
2023-09-20 14:09:03,752 INFO  SOFA-Thread-Pool-Monitor-2-thread-9 - Thread pool 'sofa-boot-health-check' info: [0,0,1,1,0]
2023-09-20 14:09:08,752 INFO  SOFA-Thread-Pool-Monitor-2-thread-9 - Thread pool 'sofa-boot-health-check' info: [0,0,1,1,0]
2023-09-20 14:09:13,752 INFO  SOFA-Thread-Pool-Monitor-2-thread-9 - Thread pool 'sofa-boot-health-check' info: [0,0,1,1,0]
2023-09-20 14:09:18,754 INFO  SOFA-Thread-Pool-Monitor-2-thread-9 - Thread pool 'sofa-boot-health-check' info: [0,0,1,1,0]
2023-09-20 14:09:23,754 INFO  SOFA-Thread-Pool-Monitor-2-thread-9 - Thread pool 'sofa-boot-health-check' info: [0,0,1,1,0]
2023-09-20 14:09:28,752 INFO  SOFA-Thread-Pool-Monitor-2-thread-9 - Thread pool 'sofa-boot-health-check' info: [0,0,1,1,0]
2023-09-20 14:09:33,753 INFO  SOFA-Thread-Pool-Monitor-2-thread-9 - Thread pool 'sofa-boot-health-check' info: [0,0,1,1,0]
2023-09-20 14:09:38,755 INFO  SOFA-Thread-Pool-Monitor-2-thread-8 - Thread pool 'sofa-boot-health-check' info: [0,0,1,1,0]
2023-09-20 14:09:43,752 INFO  SOFA-Thread-Pool-Monitor-2-thread-8 - Thread pool 'sofa-boot-health-check' info: [0,0,1,1,0]
2023-09-20 14:09:48,756 INFO  SOFA-Thread-Pool-Monitor-2-thread-8 - Thread pool 'sofa-boot-health-check' info: [0,0,1,1,0]
2023-09-20 14:09:53,751 INFO  SOFA-Thread-Pool-Monitor-2-thread-3 - Thread pool 'sofa-boot-health-check' info: [0,0,1,1,0]
2023-09-20 14:09:58,755 INFO  SOFA-Thread-Pool-Monitor-2-thread-3 - Thread pool 'sofa-boot-health-check' info: [0,0,1,1,0]
2023-09-20 14:10:03,755 INFO  SOFA-Thread-Pool-Monitor-2-thread-7 - Thread pool 'sofa-boot-health-check' info: [0,0,1,1,0]
2023-09-20 14:10:08,754 INFO  SOFA-Thread-Pool-Monitor-2-thread-7 - Thread pool 'sofa-boot-health-check' info: [0,0,1,1,0]
2023-09-20 14:10:13,752 INFO  SOFA-Thread-Pool-Monitor-2-thread-7 - Thread pool 'sofa-boot-health-check' info: [0,0,1,1,0]
2023-09-20 14:10:18,752 INFO  SOFA-Thread-Pool-Monitor-2-thread-7 - Thread pool 'sofa-boot-health-check' info: [0,0,1,1,0]
2023-09-20 14:10:23,753 INFO  SOFA-Thread-Pool-Monitor-2-thread-7 - Thread pool 'sofa-boot-health-check' info: [0,0,1,1,0]
2023-09-20 14:10:28,750 INFO  SOFA-Thread-Pool-Monitor-2-thread-7 - Thread pool 'sofa-boot-health-check' info: [0,0,1,1,0]
2023-09-20 14:10:33,752 INFO  SOFA-Thread-Pool-Monitor-2-thread-7 - Thread pool 'sofa-boot-health-check' info: [0,0,1,1,0]
2023-09-20 14:10:38,750 INFO  SOFA-Thread-Pool-Monitor-2-thread-2 - Thread pool 'sofa-boot-health-check' info: [0,0,1,1,0]
2023-09-20 14:10:43,753 INFO  SOFA-Thread-Pool-Monitor-2-thread-2 - Thread pool 'sofa-boot-health-check' info: [0,0,1,1,0]
2023-09-20 14:10:48,750 INFO  SOFA-Thread-Pool-Monitor-2-thread-2 - Thread pool 'sofa-boot-health-check' info: [0,0,1,1,0]
2023-09-20 14:10:53,752 INFO  SOFA-Thread-Pool-Monitor-2-thread-2 - Thread pool 'sofa-boot-health-check' info: [0,0,1,1,0]
2023-09-20 14:10:58,753 INFO  SOFA-Thread-Pool-Monitor-2-thread-2 - Thread pool 'sofa-boot-health-check' info: [0,0,1,1,0]
2023-09-20 14:11:03,754 INFO  SOFA-Thread-Pool-Monitor-2-thread-2 - Thread pool 'sofa-boot-health-check' info: [0,0,1,1,0]
2023-09-20 14:11:08,750 INFO  SOFA-Thread-Pool-Monitor-2-thread-2 - Thread pool 'sofa-boot-health-check' info: [0,0,1,1,0]
2023-09-20 14:16:33,657 INFO  main  - Thread pool 'sofa-boot-health-check' started with period: 5000 MILLISECONDS
2023-09-20 14:16:33,658 INFO  main  - Thread pool with name 'sofa-boot-health-check' registered
2023-09-20 14:16:38,619 INFO  SOFA-Thread-Pool-Monitor-2-thread-1 - Thread pool 'sofa-boot-health-check' info: [0,0,1,1,0]
2023-09-20 14:16:38,621 INFO  SOFA-Thread-Pool-Monitor-2-thread-1 - Thread pool 'sofa-boot-health-check' average static info: [0,0]
2023-09-20 14:16:43,613 INFO  SOFA-Thread-Pool-Monitor-2-thread-1 - Thread pool 'sofa-boot-health-check' info: [0,0,1,1,0]
2023-09-20 14:16:48,618 INFO  SOFA-Thread-Pool-Monitor-2-thread-2 - Thread pool 'sofa-boot-health-check' info: [0,0,1,1,0]
2023-09-20 14:16:53,613 INFO  SOFA-Thread-Pool-Monitor-2-thread-1 - Thread pool 'sofa-boot-health-check' info: [0,0,1,1,0]
2023-09-20 14:16:58,617 INFO  SOFA-Thread-Pool-Monitor-2-thread-3 - Thread pool 'sofa-boot-health-check' info: [0,0,1,1,0]
2023-09-20 14:17:03,613 INFO  SOFA-Thread-Pool-Monitor-2-thread-2 - Thread pool 'sofa-boot-health-check' info: [0,0,1,1,0]
2023-09-20 14:17:08,617 INFO  SOFA-Thread-Pool-Monitor-2-thread-4 - Thread pool 'sofa-boot-health-check' info: [0,0,1,1,0]
2023-09-20 14:17:13,613 INFO  SOFA-Thread-Pool-Monitor-2-thread-1 - Thread pool 'sofa-boot-health-check' info: [0,0,1,1,0]
2023-09-20 14:17:18,617 INFO  SOFA-Thread-Pool-Monitor-2-thread-5 - Thread pool 'sofa-boot-health-check' info: [0,0,1,1,0]
2023-09-20 14:17:23,618 INFO  SOFA-Thread-Pool-Monitor-2-thread-5 - Thread pool 'sofa-boot-health-check' info: [0,0,1,1,0]
2023-09-20 14:17:28,617 INFO  SOFA-Thread-Pool-Monitor-2-thread-5 - Thread pool 'sofa-boot-health-check' info: [0,0,1,1,0]
2023-09-20 14:17:33,617 INFO  SOFA-Thread-Pool-Monitor-2-thread-5 - Thread pool 'sofa-boot-health-check' info: [0,0,1,1,0]
2023-09-20 14:17:38,617 INFO  SOFA-Thread-Pool-Monitor-2-thread-5 - Thread pool 'sofa-boot-health-check' info: [0,0,1,1,0]
2023-09-20 14:17:43,618 INFO  SOFA-Thread-Pool-Monitor-2-thread-4 - Thread pool 'sofa-boot-health-check' info: [0,0,1,1,0]
2023-09-20 14:17:48,617 INFO  SOFA-Thread-Pool-Monitor-2-thread-4 - Thread pool 'sofa-boot-health-check' info: [0,0,1,1,0]
2023-09-20 14:17:53,615 INFO  SOFA-Thread-Pool-Monitor-2-thread-4 - Thread pool 'sofa-boot-health-check' info: [0,0,1,1,0]
2023-09-20 14:17:58,613 INFO  SOFA-Thread-Pool-Monitor-2-thread-4 - Thread pool 'sofa-boot-health-check' info: [0,0,1,1,0]
2023-09-20 14:18:03,614 INFO  SOFA-Thread-Pool-Monitor-2-thread-4 - Thread pool 'sofa-boot-health-check' info: [0,0,1,1,0]
2023-09-20 14:18:08,613 INFO  SOFA-Thread-Pool-Monitor-2-thread-4 - Thread pool 'sofa-boot-health-check' info: [0,0,1,1,0]
2023-09-20 14:18:13,614 INFO  SOFA-Thread-Pool-Monitor-2-thread-4 - Thread pool 'sofa-boot-health-check' info: [0,0,1,1,0]
2023-09-20 14:18:18,617 INFO  SOFA-Thread-Pool-Monitor-2-thread-4 - Thread pool 'sofa-boot-health-check' info: [0,0,1,1,0]
2023-09-20 14:18:23,614 INFO  SOFA-Thread-Pool-Monitor-2-thread-4 - Thread pool 'sofa-boot-health-check' info: [0,0,1,1,0]
2023-09-20 14:18:28,615 INFO  SOFA-Thread-Pool-Monitor-2-thread-8 - Thread pool 'sofa-boot-health-check' info: [0,0,1,1,0]
2023-09-20 14:18:33,617 INFO  SOFA-Thread-Pool-Monitor-2-thread-8 - Thread pool 'sofa-boot-health-check' info: [0,0,1,1,0]
2023-09-20 14:18:38,617 INFO  SOFA-Thread-Pool-Monitor-2-thread-8 - Thread pool 'sofa-boot-health-check' info: [0,0,1,1,0]
