2023-09-20 12:16:12,431 INFO  main                             - Create health-check thread pool, corePoolSize: 1, maxPoolSize: 1.
2023-09-20 12:16:12,801 INFO  main                             - Found 1 HealthChecker implementation:sofaComponentHealthChecker
2023-09-20 12:16:12,803 INFO  main                             - Found 2 HealthIndicator implementation:diskSpaceHealthIndicator,pingHealthContributor
2023-09-20 12:16:12,804 INFO  main                             - Found 0 ReadinessCheckCallback implementation: 
2023-09-20 12:16:12,804 INFO  main                             - Begin SOFABoot HealthChecker readiness check.
2023-09-20 12:16:12,805 INFO  main                             - SOFABoot HealthChecker readiness check 1 item: SOFABoot-Components.
2023-09-20 12:16:12,805 INFO  main                             - HealthChecker[sofaComponentHealthChecker] readiness check start.
2023-09-20 12:16:12,807 INFO  main                             - HealthChecker[sofaComponentHealthChecker] readiness check success with 0 retry.
2023-09-20 12:16:12,807 INFO  main                             - SOFABoot HealthChecker readiness check result: success.
2023-09-20 12:16:12,807 INFO  main                             - Begin SOFABoot HealthIndicator readiness check.
2023-09-20 12:16:12,807 INFO  main                             - SOFABoot HealthIndicator readiness check 2 item: diskSpaceHealthIndicator,pingHealthContributor.
2023-09-20 12:16:12,807 INFO  main                             - HealthIndicator[diskSpaceHealthIndicator] readiness check start.
2023-09-20 12:16:12,809 INFO  main                             - HealthIndicator[diskSpaceHealthIndicator] readiness check success.
2023-09-20 12:16:12,809 INFO  main                             - HealthIndicator[pingHealthContributor] readiness check start.
2023-09-20 12:16:12,809 INFO  main                             - HealthIndicator[pingHealthContributor] readiness check success.
2023-09-20 12:16:12,809 INFO  main                             - SOFABoot HealthIndicator readiness check result: success.
2023-09-20 12:16:12,809 INFO  main                             - Invoking all readiness check callbacks...
2023-09-20 12:16:12,809 INFO  main                             - Begin ReadinessCheckCallback readiness check
2023-09-20 12:16:12,809 INFO  main                             - ReadinessCheckCallback readiness check result: success.
2023-09-20 12:16:12,810 INFO  main                             - Readiness check result: success
2023-09-20 12:16:13,422 INFO  RMI TCP Connection(2)-150.223.210.181 - Begin SOFABoot HealthChecker liveness check.
2023-09-20 12:16:13,423 INFO  RMI TCP Connection(2)-150.223.210.181 - SOFABoot HealthChecker liveness check 1 item: SOFABoot-Components.
2023-09-20 12:16:13,423 INFO  RMI TCP Connection(2)-150.223.210.181 - HealthChecker[sofaComponentHealthChecker] liveness check start.
2023-09-20 12:16:13,423 INFO  RMI TCP Connection(2)-150.223.210.181 - HealthChecker[sofaComponentHealthChecker] liveness check success with 0 retry.
2023-09-20 12:16:13,423 INFO  RMI TCP Connection(2)-150.223.210.181 - SOFABoot HealthChecker liveness check result: success.
2023-09-20 12:16:48,177 INFO  main                             - Create health-check thread pool, corePoolSize: 1, maxPoolSize: 1.
2023-09-20 12:16:48,342 INFO  main                             - Found 1 HealthChecker implementation:sofaComponentHealthChecker
2023-09-20 12:16:48,343 INFO  main                             - Found 2 HealthIndicator implementation:diskSpaceHealthIndicator,pingHealthContributor
2023-09-20 12:16:48,344 INFO  main                             - Found 0 ReadinessCheckCallback implementation: 
2023-09-20 12:16:48,344 INFO  main                             - Begin SOFABoot HealthChecker readiness check.
2023-09-20 12:16:48,344 INFO  main                             - SOFABoot HealthChecker readiness check 1 item: SOFABoot-Components.
2023-09-20 12:16:48,344 INFO  main                             - HealthChecker[sofaComponentHealthChecker] readiness check start.
2023-09-20 12:16:48,345 INFO  main                             - HealthChecker[sofaComponentHealthChecker] readiness check success with 0 retry.
2023-09-20 12:16:48,345 INFO  main                             - SOFABoot HealthChecker readiness check result: success.
2023-09-20 12:16:48,345 INFO  main                             - Begin SOFABoot HealthIndicator readiness check.
2023-09-20 12:16:48,345 INFO  main                             - SOFABoot HealthIndicator readiness check 2 item: diskSpaceHealthIndicator,pingHealthContributor.
2023-09-20 12:16:48,346 INFO  main                             - HealthIndicator[diskSpaceHealthIndicator] readiness check start.
2023-09-20 12:16:48,346 INFO  main                             - HealthIndicator[diskSpaceHealthIndicator] readiness check success.
2023-09-20 12:16:48,346 INFO  main                             - HealthIndicator[pingHealthContributor] readiness check start.
2023-09-20 12:16:48,346 INFO  main                             - HealthIndicator[pingHealthContributor] readiness check success.
2023-09-20 12:16:48,346 INFO  main                             - SOFABoot HealthIndicator readiness check result: success.
2023-09-20 12:16:48,347 INFO  main                             - Invoking all readiness check callbacks...
2023-09-20 12:16:48,347 INFO  main                             - Begin ReadinessCheckCallback readiness check
2023-09-20 12:16:48,347 INFO  main                             - ReadinessCheckCallback readiness check result: success.
2023-09-20 12:16:48,347 INFO  main                             - Readiness check result: success
2023-09-20 12:20:59,555 INFO  main                             - Create health-check thread pool, corePoolSize: 1, maxPoolSize: 1.
2023-09-20 12:20:59,978 INFO  main                             - Found 1 HealthChecker implementation:sofaComponentHealthChecker
2023-09-20 12:20:59,981 INFO  main                             - Found 2 HealthIndicator implementation:diskSpaceHealthIndicator,pingHealthContributor
2023-09-20 12:20:59,981 INFO  main                             - Found 0 ReadinessCheckCallback implementation: 
2023-09-20 12:20:59,982 INFO  main                             - Begin SOFABoot HealthChecker readiness check.
2023-09-20 12:20:59,982 INFO  main                             - SOFABoot HealthChecker readiness check 1 item: SOFABoot-Components.
2023-09-20 12:20:59,983 INFO  main                             - HealthChecker[sofaComponentHealthChecker] readiness check start.
2023-09-20 12:20:59,985 INFO  main                             - HealthChecker[sofaComponentHealthChecker] readiness check success with 0 retry.
2023-09-20 12:20:59,985 INFO  main                             - SOFABoot HealthChecker readiness check result: success.
2023-09-20 12:20:59,986 INFO  main                             - Begin SOFABoot HealthIndicator readiness check.
2023-09-20 12:20:59,986 INFO  main                             - SOFABoot HealthIndicator readiness check 2 item: diskSpaceHealthIndicator,pingHealthContributor.
2023-09-20 12:20:59,986 INFO  main                             - HealthIndicator[diskSpaceHealthIndicator] readiness check start.
2023-09-20 12:20:59,988 INFO  main                             - HealthIndicator[diskSpaceHealthIndicator] readiness check success.
2023-09-20 12:20:59,989 INFO  main                             - HealthIndicator[pingHealthContributor] readiness check start.
2023-09-20 12:20:59,989 INFO  main                             - HealthIndicator[pingHealthContributor] readiness check success.
2023-09-20 12:20:59,989 INFO  main                             - SOFABoot HealthIndicator readiness check result: success.
2023-09-20 12:20:59,989 INFO  main                             - Invoking all readiness check callbacks...
2023-09-20 12:20:59,989 INFO  main                             - Begin ReadinessCheckCallback readiness check
2023-09-20 12:20:59,990 INFO  main                             - ReadinessCheckCallback readiness check result: success.
2023-09-20 12:20:59,990 INFO  main                             - Readiness check result: success
2023-09-20 12:21:00,476 INFO  RMI TCP Connection(5)-150.223.210.181 - Begin SOFABoot HealthChecker liveness check.
2023-09-20 12:21:00,477 INFO  RMI TCP Connection(5)-150.223.210.181 - SOFABoot HealthChecker liveness check 1 item: SOFABoot-Components.
2023-09-20 12:21:00,477 INFO  RMI TCP Connection(5)-150.223.210.181 - HealthChecker[sofaComponentHealthChecker] liveness check start.
2023-09-20 12:21:00,477 INFO  RMI TCP Connection(5)-150.223.210.181 - HealthChecker[sofaComponentHealthChecker] liveness check success with 0 retry.
2023-09-20 12:21:00,477 INFO  RMI TCP Connection(5)-150.223.210.181 - SOFABoot HealthChecker liveness check result: success.
2023-09-20 12:21:20,034 INFO  main                             - Create health-check thread pool, corePoolSize: 1, maxPoolSize: 1.
2023-09-20 12:21:20,325 INFO  main                             - Found 1 HealthChecker implementation:sofaComponentHealthChecker
2023-09-20 12:21:20,326 INFO  main                             - Found 2 HealthIndicator implementation:diskSpaceHealthIndicator,pingHealthContributor
2023-09-20 12:21:20,326 INFO  main                             - Found 0 ReadinessCheckCallback implementation: 
2023-09-20 12:21:20,327 INFO  main                             - Begin SOFABoot HealthChecker readiness check.
2023-09-20 12:21:20,327 INFO  main                             - SOFABoot HealthChecker readiness check 1 item: SOFABoot-Components.
2023-09-20 12:21:20,327 INFO  main                             - HealthChecker[sofaComponentHealthChecker] readiness check start.
2023-09-20 12:21:20,329 INFO  main                             - HealthChecker[sofaComponentHealthChecker] readiness check success with 0 retry.
2023-09-20 12:21:20,329 INFO  main                             - SOFABoot HealthChecker readiness check result: success.
2023-09-20 12:21:20,329 INFO  main                             - Begin SOFABoot HealthIndicator readiness check.
2023-09-20 12:21:20,329 INFO  main                             - SOFABoot HealthIndicator readiness check 2 item: diskSpaceHealthIndicator,pingHealthContributor.
2023-09-20 12:21:20,329 INFO  main                             - HealthIndicator[diskSpaceHealthIndicator] readiness check start.
2023-09-20 12:21:20,330 INFO  main                             - HealthIndicator[diskSpaceHealthIndicator] readiness check success.
2023-09-20 12:21:20,331 INFO  main                             - HealthIndicator[pingHealthContributor] readiness check start.
2023-09-20 12:21:20,331 INFO  main                             - HealthIndicator[pingHealthContributor] readiness check success.
2023-09-20 12:21:20,331 INFO  main                             - SOFABoot HealthIndicator readiness check result: success.
2023-09-20 12:21:20,332 INFO  main                             - Invoking all readiness check callbacks...
2023-09-20 12:21:20,332 INFO  main                             - Begin ReadinessCheckCallback readiness check
2023-09-20 12:21:20,332 INFO  main                             - ReadinessCheckCallback readiness check result: success.
2023-09-20 12:21:20,332 INFO  main                             - Readiness check result: success
2023-09-20 12:21:20,552 INFO  RMI TCP Connection(2)-150.223.210.181 - Begin SOFABoot HealthChecker liveness check.
2023-09-20 12:21:20,553 INFO  RMI TCP Connection(2)-150.223.210.181 - SOFABoot HealthChecker liveness check 1 item: SOFABoot-Components.
2023-09-20 12:21:20,554 INFO  RMI TCP Connection(2)-150.223.210.181 - HealthChecker[sofaComponentHealthChecker] liveness check start.
2023-09-20 12:21:20,554 INFO  RMI TCP Connection(2)-150.223.210.181 - HealthChecker[sofaComponentHealthChecker] liveness check success with 0 retry.
2023-09-20 12:21:20,554 INFO  RMI TCP Connection(2)-150.223.210.181 - SOFABoot HealthChecker liveness check result: success.
2023-09-20 14:05:38,785 INFO  main                             - Create health-check thread pool, corePoolSize: 1, maxPoolSize: 1.
2023-09-20 14:05:39,083 INFO  main                             - Found 1 HealthChecker implementation:sofaComponentHealthChecker
2023-09-20 14:05:39,085 INFO  main                             - Found 2 HealthIndicator implementation:diskSpaceHealthIndicator,pingHealthContributor
2023-09-20 14:05:39,085 INFO  main                             - Found 0 ReadinessCheckCallback implementation: 
2023-09-20 14:05:39,086 INFO  main                             - Begin SOFABoot HealthChecker readiness check.
2023-09-20 14:05:39,086 INFO  main                             - SOFABoot HealthChecker readiness check 1 item: SOFABoot-Components.
2023-09-20 14:05:39,087 INFO  main                             - HealthChecker[sofaComponentHealthChecker] readiness check start.
2023-09-20 14:05:39,088 INFO  main                             - HealthChecker[sofaComponentHealthChecker] readiness check success with 0 retry.
2023-09-20 14:05:39,088 INFO  main                             - SOFABoot HealthChecker readiness check result: success.
2023-09-20 14:05:39,089 INFO  main                             - Begin SOFABoot HealthIndicator readiness check.
2023-09-20 14:05:39,089 INFO  main                             - SOFABoot HealthIndicator readiness check 2 item: diskSpaceHealthIndicator,pingHealthContributor.
2023-09-20 14:05:39,089 INFO  main                             - HealthIndicator[diskSpaceHealthIndicator] readiness check start.
2023-09-20 14:05:39,091 INFO  main                             - HealthIndicator[diskSpaceHealthIndicator] readiness check success.
2023-09-20 14:05:39,091 INFO  main                             - HealthIndicator[pingHealthContributor] readiness check start.
2023-09-20 14:05:39,091 INFO  main                             - HealthIndicator[pingHealthContributor] readiness check success.
2023-09-20 14:05:39,092 INFO  main                             - SOFABoot HealthIndicator readiness check result: success.
2023-09-20 14:05:39,092 INFO  main                             - Invoking all readiness check callbacks...
2023-09-20 14:05:39,092 INFO  main                             - Begin ReadinessCheckCallback readiness check
2023-09-20 14:05:39,092 INFO  main                             - ReadinessCheckCallback readiness check result: success.
2023-09-20 14:05:39,092 INFO  main                             - Readiness check result: success
2023-09-20 14:05:39,232 INFO  RMI TCP Connection(2)-150.223.210.181 - Begin SOFABoot HealthChecker liveness check.
2023-09-20 14:05:39,233 INFO  RMI TCP Connection(2)-150.223.210.181 - SOFABoot HealthChecker liveness check 1 item: SOFABoot-Components.
2023-09-20 14:05:39,233 INFO  RMI TCP Connection(2)-150.223.210.181 - HealthChecker[sofaComponentHealthChecker] liveness check start.
2023-09-20 14:05:39,233 INFO  RMI TCP Connection(2)-150.223.210.181 - HealthChecker[sofaComponentHealthChecker] liveness check success with 0 retry.
2023-09-20 14:05:39,233 INFO  RMI TCP Connection(2)-150.223.210.181 - SOFABoot HealthChecker liveness check result: success.
2023-09-20 14:16:33,659 INFO  main                             - Create health-check thread pool, corePoolSize: 1, maxPoolSize: 1.
2023-09-20 14:16:33,951 INFO  main                             - Found 1 HealthChecker implementation:sofaComponentHealthChecker
2023-09-20 14:16:33,952 INFO  main                             - Found 2 HealthIndicator implementation:diskSpaceHealthIndicator,pingHealthContributor
2023-09-20 14:16:33,952 INFO  main                             - Found 0 ReadinessCheckCallback implementation: 
2023-09-20 14:16:33,953 INFO  main                             - Begin SOFABoot HealthChecker readiness check.
2023-09-20 14:16:33,953 INFO  main                             - SOFABoot HealthChecker readiness check 1 item: SOFABoot-Components.
2023-09-20 14:16:33,954 INFO  main                             - HealthChecker[sofaComponentHealthChecker] readiness check start.
2023-09-20 14:16:33,955 INFO  main                             - HealthChecker[sofaComponentHealthChecker] readiness check success with 0 retry.
2023-09-20 14:16:33,955 INFO  main                             - SOFABoot HealthChecker readiness check result: success.
2023-09-20 14:16:33,956 INFO  main                             - Begin SOFABoot HealthIndicator readiness check.
2023-09-20 14:16:33,956 INFO  main                             - SOFABoot HealthIndicator readiness check 2 item: diskSpaceHealthIndicator,pingHealthContributor.
2023-09-20 14:16:33,957 INFO  main                             - HealthIndicator[diskSpaceHealthIndicator] readiness check start.
2023-09-20 14:16:33,958 INFO  main                             - HealthIndicator[diskSpaceHealthIndicator] readiness check success.
2023-09-20 14:16:33,958 INFO  main                             - HealthIndicator[pingHealthContributor] readiness check start.
2023-09-20 14:16:33,958 INFO  main                             - HealthIndicator[pingHealthContributor] readiness check success.
2023-09-20 14:16:33,958 INFO  main                             - SOFABoot HealthIndicator readiness check result: success.
2023-09-20 14:16:33,959 INFO  main                             - Invoking all readiness check callbacks...
2023-09-20 14:16:33,959 INFO  main                             - Begin ReadinessCheckCallback readiness check
2023-09-20 14:16:33,959 INFO  main                             - ReadinessCheckCallback readiness check result: success.
2023-09-20 14:16:33,959 INFO  main                             - Readiness check result: success
2023-09-20 14:16:34,212 INFO  RMI TCP Connection(3)-150.223.210.181 - Begin SOFABoot HealthChecker liveness check.
2023-09-20 14:16:34,213 INFO  RMI TCP Connection(3)-150.223.210.181 - SOFABoot HealthChecker liveness check 1 item: SOFABoot-Components.
2023-09-20 14:16:34,213 INFO  RMI TCP Connection(3)-150.223.210.181 - HealthChecker[sofaComponentHealthChecker] liveness check start.
2023-09-20 14:16:34,213 INFO  RMI TCP Connection(3)-150.223.210.181 - HealthChecker[sofaComponentHealthChecker] liveness check success with 0 retry.
2023-09-20 14:16:34,213 INFO  RMI TCP Connection(3)-150.223.210.181 - SOFABoot HealthChecker liveness check result: success.
