2023-09-20 14:09:00,721 INFO  http-nio-8084-exec-1             - Loading properties file from URL [jar:file:/Users/setsunayang/.m2/repository/com/alipay/sofa/healthcheck-sofa-boot-starter/3.20.0/healthcheck-sofa-boot-starter-3.20.0.jar!/META-INF/sofa.versions.properties]
2023-09-20 14:09:00,724 INFO  http-nio-8084-exec-1             - Loading properties file from URL [jar:file:/Users/setsunayang/.m2/repository/com/alipay/sofa/healthcheck-sofa-boot/3.20.0/healthcheck-sofa-boot-3.20.0.jar!/META-INF/sofa.versions.properties]
2023-09-20 14:09:00,724 INFO  http-nio-8084-exec-1             - Loading properties file from URL [jar:file:/Users/setsunayang/.m2/repository/com/alipay/sofa/sofa-boot/3.20.0/sofa-boot-3.20.0.jar!/META-INF/sofa.versions.properties]
2023-09-20 14:09:00,724 INFO  http-nio-8084-exec-1             - Loading properties file from URL [jar:file:/Users/setsunayang/.m2/repository/com/alipay/sofa/runtime-sofa-boot/3.20.0/runtime-sofa-boot-3.20.0.jar!/META-INF/sofa.versions.properties]
2023-09-20 14:09:00,725 INFO  http-nio-8084-exec-1             - Loading properties file from URL [jar:file:/Users/setsunayang/.m2/repository/com/alipay/sofa/log-sofa-boot-starter/3.20.0/log-sofa-boot-starter-3.20.0.jar!/META-INF/sofa.versions.properties]
2023-09-20 14:09:00,725 INFO  http-nio-8084-exec-1             - Loading properties file from URL [jar:file:/Users/setsunayang/.m2/repository/com/alipay/sofa/log-sofa-boot/3.20.0/log-sofa-boot-3.20.0.jar!/META-INF/sofa.versions.properties]
2023-09-20 14:09:00,726 INFO  http-nio-8084-exec-1             - Loading properties file from URL [jar:file:/Users/setsunayang/.m2/repository/com/alipay/sofa/sofa-boot-autoconfigure/3.20.0/sofa-boot-autoconfigure-3.20.0.jar!/META-INF/sofa.versions.properties]
2023-09-20 14:09:00,731 INFO  http-nio-8084-exec-1             - Loading properties file from URL [jar:file:/Users/setsunayang/.m2/repository/com/alipay/sofa/sofa-boot-actuator-autoconfigure/3.20.0/sofa-boot-actuator-autoconfigure-3.20.0.jar!/META-INF/sofa.versions.properties]
2023-09-20 14:09:00,732 INFO  http-nio-8084-exec-1             - Loading properties file from URL [jar:file:/Users/setsunayang/.m2/repository/com/alipay/sofa/sofa-boot-actuator/3.20.0/sofa-boot-actuator-3.20.0.jar!/META-INF/sofa.versions.properties]
2023-09-20 14:16:42,025 INFO  http-nio-8084-exec-1             - Loading properties file from URL [jar:file:/Users/setsunayang/.m2/repository/com/alipay/sofa/healthcheck-sofa-boot-starter/3.20.0/healthcheck-sofa-boot-starter-3.20.0.jar!/META-INF/sofa.versions.properties]
2023-09-20 14:16:42,028 INFO  http-nio-8084-exec-1             - Loading properties file from URL [jar:file:/Users/setsunayang/.m2/repository/com/alipay/sofa/healthcheck-sofa-boot/3.20.0/healthcheck-sofa-boot-3.20.0.jar!/META-INF/sofa.versions.properties]
2023-09-20 14:16:42,028 INFO  http-nio-8084-exec-1             - Loading properties file from URL [jar:file:/Users/setsunayang/.m2/repository/com/alipay/sofa/sofa-boot/3.20.0/sofa-boot-3.20.0.jar!/META-INF/sofa.versions.properties]
2023-09-20 14:16:42,028 INFO  http-nio-8084-exec-1             - Loading properties file from URL [jar:file:/Users/setsunayang/.m2/repository/com/alipay/sofa/runtime-sofa-boot/3.20.0/runtime-sofa-boot-3.20.0.jar!/META-INF/sofa.versions.properties]
2023-09-20 14:16:42,028 INFO  http-nio-8084-exec-1             - Loading properties file from URL [jar:file:/Users/setsunayang/.m2/repository/com/alipay/sofa/log-sofa-boot-starter/3.20.0/log-sofa-boot-starter-3.20.0.jar!/META-INF/sofa.versions.properties]
2023-09-20 14:16:42,029 INFO  http-nio-8084-exec-1             - Loading properties file from URL [jar:file:/Users/setsunayang/.m2/repository/com/alipay/sofa/log-sofa-boot/3.20.0/log-sofa-boot-3.20.0.jar!/META-INF/sofa.versions.properties]
2023-09-20 14:16:42,029 INFO  http-nio-8084-exec-1             - Loading properties file from URL [jar:file:/Users/setsunayang/.m2/repository/com/alipay/sofa/sofa-boot-autoconfigure/3.20.0/sofa-boot-autoconfigure-3.20.0.jar!/META-INF/sofa.versions.properties]
2023-09-20 14:16:42,029 INFO  http-nio-8084-exec-1             - Loading properties file from URL [jar:file:/Users/setsunayang/.m2/repository/com/alipay/sofa/sofa-boot-actuator-autoconfigure/3.20.0/sofa-boot-actuator-autoconfigure-3.20.0.jar!/META-INF/sofa.versions.properties]
2023-09-20 14:16:42,029 INFO  http-nio-8084-exec-1             - Loading properties file from URL [jar:file:/Users/setsunayang/.m2/repository/com/alipay/sofa/sofa-boot-actuator/3.20.0/sofa-boot-actuator-3.20.0.jar!/META-INF/sofa.versions.properties]
2023-09-20 14:16:42,029 INFO  http-nio-8084-exec-1             - Loading properties file from URL [jar:file:/Users/setsunayang/.m2/repository/com/alipay/sofa/test-sofa-boot-starter/3.20.0/test-sofa-boot-starter-3.20.0.jar!/META-INF/sofa.versions.properties]
2023-09-20 14:16:42,029 INFO  http-nio-8084-exec-1             - Loading properties file from URL [jar:file:/Users/setsunayang/.m2/repository/com/alipay/sofa/test-sofa-boot/3.20.0/test-sofa-boot-3.20.0.jar!/META-INF/sofa.versions.properties]
